{"D:\\vention\\edu-ai-challenge-2025\\8\\schema.ts": {"path":"D:\\vention\\edu-ai-challenge-2025\\8\\schema.ts","all":false,"statementMap":{"0":{"start":{"line":1,"column":0},"end":{"line":1,"column":3}},"1":{"start":{"line":2,"column":0},"end":{"line":2,"column":60}},"2":{"start":{"line":3,"column":0},"end":{"line":3,"column":3}},"3":{"start":{"line":4,"column":0},"end":{"line":4,"column":75}},"4":{"start":{"line":5,"column":0},"end":{"line":5,"column":72}},"5":{"start":{"line":6,"column":0},"end":{"line":6,"column":76}},"6":{"start":{"line":7,"column":0},"end":{"line":7,"column":40}},"7":{"start":{"line":8,"column":0},"end":{"line":8,"column":3}},"8":{"start":{"line":9,"column":0},"end":{"line":9,"column":11}},"9":{"start":{"line":10,"column":0},"end":{"line":10,"column":15}},"10":{"start":{"line":11,"column":0},"end":{"line":11,"column":16}},"11":{"start":{"line":12,"column":0},"end":{"line":12,"column":37}},"12":{"start":{"line":13,"column":0},"end":{"line":13,"column":3}},"13":{"start":{"line":14,"column":0},"end":{"line":14,"column":40}},"14":{"start":{"line":15,"column":0},"end":{"line":15,"column":40}},"15":{"start":{"line":16,"column":0},"end":{"line":16,"column":36}},"16":{"start":{"line":17,"column":0},"end":{"line":17,"column":43}},"17":{"start":{"line":18,"column":0},"end":{"line":18,"column":6}},"18":{"start":{"line":19,"column":0},"end":{"line":19,"column":3}},"19":{"start":{"line":20,"column":0},"end":{"line":20,"column":51}},"20":{"start":{"line":21,"column":0},"end":{"line":21,"column":24}},"21":{"start":{"line":22,"column":0},"end":{"line":22,"column":37}},"22":{"start":{"line":23,"column":0},"end":{"line":23,"column":35}},"23":{"start":{"line":24,"column":0},"end":{"line":24,"column":11}},"24":{"start":{"line":25,"column":0},"end":{"line":25,"column":34}},"25":{"start":{"line":26,"column":0},"end":{"line":26,"column":4}},"26":{"start":{"line":27,"column":0},"end":{"line":27,"column":6}},"27":{"start":{"line":28,"column":0},"end":{"line":28,"column":3}},"28":{"start":{"line":29,"column":0},"end":{"line":29,"column":3}},"29":{"start":{"line":30,"column":0},"end":{"line":30,"column":0}},"30":{"start":{"line":31,"column":0},"end":{"line":31,"column":3}},"31":{"start":{"line":32,"column":0},"end":{"line":32,"column":35}},"32":{"start":{"line":33,"column":0},"end":{"line":33,"column":62}},"33":{"start":{"line":34,"column":0},"end":{"line":34,"column":3}},"34":{"start":{"line":35,"column":0},"end":{"line":35,"column":28}},"35":{"start":{"line":36,"column":0},"end":{"line":36,"column":38}},"36":{"start":{"line":37,"column":0},"end":{"line":37,"column":19}},"37":{"start":{"line":38,"column":0},"end":{"line":38,"column":89}},"38":{"start":{"line":39,"column":0},"end":{"line":39,"column":11}},"39":{"start":{"line":40,"column":0},"end":{"line":40,"column":67}},"40":{"start":{"line":41,"column":0},"end":{"line":41,"column":20}},"41":{"start":{"line":42,"column":0},"end":{"line":42,"column":2}},"42":{"start":{"line":43,"column":0},"end":{"line":43,"column":0}},"43":{"start":{"line":44,"column":0},"end":{"line":44,"column":3}},"44":{"start":{"line":45,"column":0},"end":{"line":45,"column":63}},"45":{"start":{"line":46,"column":0},"end":{"line":46,"column":3}},"46":{"start":{"line":47,"column":0},"end":{"line":47,"column":23}},"47":{"start":{"line":48,"column":0},"end":{"line":48,"column":5}},"48":{"start":{"line":49,"column":0},"end":{"line":49,"column":43}},"49":{"start":{"line":50,"column":0},"end":{"line":50,"column":5}},"50":{"start":{"line":51,"column":0},"end":{"line":51,"column":63}},"51":{"start":{"line":52,"column":0},"end":{"line":52,"column":49}},"52":{"start":{"line":53,"column":0},"end":{"line":53,"column":3}},"53":{"start":{"line":54,"column":0},"end":{"line":54,"column":0}},"54":{"start":{"line":55,"column":0},"end":{"line":55,"column":5}},"55":{"start":{"line":56,"column":0},"end":{"line":56,"column":45}},"56":{"start":{"line":57,"column":0},"end":{"line":57,"column":5}},"57":{"start":{"line":58,"column":0},"end":{"line":58,"column":23}},"58":{"start":{"line":59,"column":0},"end":{"line":59,"column":18}},"59":{"start":{"line":60,"column":0},"end":{"line":60,"column":17}},"60":{"start":{"line":61,"column":0},"end":{"line":61,"column":17}},"61":{"start":{"line":62,"column":0},"end":{"line":62,"column":26}},"62":{"start":{"line":63,"column":0},"end":{"line":63,"column":20}},"63":{"start":{"line":64,"column":0},"end":{"line":64,"column":43}},"64":{"start":{"line":65,"column":0},"end":{"line":65,"column":47}},"65":{"start":{"line":66,"column":0},"end":{"line":66,"column":5}},"66":{"start":{"line":67,"column":0},"end":{"line":67,"column":43}},"67":{"start":{"line":68,"column":0},"end":{"line":68,"column":51}},"68":{"start":{"line":69,"column":0},"end":{"line":69,"column":5}},"69":{"start":{"line":70,"column":0},"end":{"line":70,"column":16}},"70":{"start":{"line":71,"column":0},"end":{"line":71,"column":3}},"71":{"start":{"line":72,"column":0},"end":{"line":72,"column":0}},"72":{"start":{"line":73,"column":0},"end":{"line":73,"column":5}},"73":{"start":{"line":74,"column":0},"end":{"line":74,"column":56}},"74":{"start":{"line":75,"column":0},"end":{"line":75,"column":5}},"75":{"start":{"line":76,"column":0},"end":{"line":76,"column":24}},"76":{"start":{"line":77,"column":0},"end":{"line":77,"column":19}},"77":{"start":{"line":78,"column":0},"end":{"line":78,"column":23}},"78":{"start":{"line":79,"column":0},"end":{"line":79,"column":23}},"79":{"start":{"line":80,"column":0},"end":{"line":80,"column":26}},"80":{"start":{"line":81,"column":0},"end":{"line":81,"column":20}},"81":{"start":{"line":82,"column":0},"end":{"line":82,"column":56}},"82":{"start":{"line":83,"column":0},"end":{"line":83,"column":66}},"83":{"start":{"line":84,"column":0},"end":{"line":84,"column":63}},"84":{"start":{"line":85,"column":0},"end":{"line":85,"column":5}},"85":{"start":{"line":86,"column":0},"end":{"line":86,"column":56}},"86":{"start":{"line":87,"column":0},"end":{"line":87,"column":66}},"87":{"start":{"line":88,"column":0},"end":{"line":88,"column":67}},"88":{"start":{"line":89,"column":0},"end":{"line":89,"column":5}},"89":{"start":{"line":90,"column":0},"end":{"line":90,"column":16}},"90":{"start":{"line":91,"column":0},"end":{"line":91,"column":3}},"91":{"start":{"line":92,"column":0},"end":{"line":92,"column":0}},"92":{"start":{"line":93,"column":0},"end":{"line":93,"column":5}},"93":{"start":{"line":94,"column":0},"end":{"line":94,"column":47}},"94":{"start":{"line":95,"column":0},"end":{"line":95,"column":5}},"95":{"start":{"line":96,"column":0},"end":{"line":96,"column":61}},"96":{"start":{"line":97,"column":0},"end":{"line":97,"column":72}},"97":{"start":{"line":98,"column":0},"end":{"line":98,"column":3}},"98":{"start":{"line":99,"column":0},"end":{"line":99,"column":1}},"99":{"start":{"line":100,"column":0},"end":{"line":100,"column":0}},"100":{"start":{"line":101,"column":0},"end":{"line":101,"column":3}},"101":{"start":{"line":102,"column":0},"end":{"line":102,"column":68}},"102":{"start":{"line":103,"column":0},"end":{"line":103,"column":50}},"103":{"start":{"line":104,"column":0},"end":{"line":104,"column":3}},"104":{"start":{"line":105,"column":0},"end":{"line":105,"column":11}},"105":{"start":{"line":106,"column":0},"end":{"line":106,"column":16}},"106":{"start":{"line":107,"column":0},"end":{"line":107,"column":43}},"107":{"start":{"line":108,"column":0},"end":{"line":108,"column":52}},"108":{"start":{"line":109,"column":0},"end":{"line":109,"column":24}},"109":{"start":{"line":110,"column":0},"end":{"line":110,"column":41}},"110":{"start":{"line":111,"column":0},"end":{"line":111,"column":11}},"111":{"start":{"line":112,"column":0},"end":{"line":112,"column":53}},"112":{"start":{"line":113,"column":0},"end":{"line":113,"column":4}},"113":{"start":{"line":114,"column":0},"end":{"line":114,"column":6}},"114":{"start":{"line":115,"column":0},"end":{"line":115,"column":3}},"115":{"start":{"line":116,"column":0},"end":{"line":116,"column":29}},"116":{"start":{"line":117,"column":0},"end":{"line":117,"column":30}},"117":{"start":{"line":118,"column":0},"end":{"line":118,"column":36}},"118":{"start":{"line":119,"column":0},"end":{"line":119,"column":0}},"119":{"start":{"line":120,"column":0},"end":{"line":120,"column":5}},"120":{"start":{"line":121,"column":0},"end":{"line":121,"column":61}},"121":{"start":{"line":122,"column":0},"end":{"line":122,"column":41}},"122":{"start":{"line":123,"column":0},"end":{"line":123,"column":77}},"123":{"start":{"line":124,"column":0},"end":{"line":124,"column":5}},"124":{"start":{"line":125,"column":0},"end":{"line":125,"column":57}},"125":{"start":{"line":126,"column":0},"end":{"line":126,"column":0}},"126":{"start":{"line":127,"column":0},"end":{"line":127,"column":5}},"127":{"start":{"line":128,"column":0},"end":{"line":128,"column":65}},"128":{"start":{"line":129,"column":0},"end":{"line":129,"column":57}},"129":{"start":{"line":130,"column":0},"end":{"line":130,"column":5}},"130":{"start":{"line":131,"column":0},"end":{"line":131,"column":13}},"131":{"start":{"line":132,"column":0},"end":{"line":132,"column":18}},"132":{"start":{"line":133,"column":0},"end":{"line":133,"column":50}},"133":{"start":{"line":134,"column":0},"end":{"line":134,"column":73}},"134":{"start":{"line":135,"column":0},"end":{"line":135,"column":69}},"135":{"start":{"line":136,"column":0},"end":{"line":136,"column":8}},"136":{"start":{"line":137,"column":0},"end":{"line":137,"column":5}},"137":{"start":{"line":138,"column":0},"end":{"line":138,"column":20}},"138":{"start":{"line":139,"column":0},"end":{"line":139,"column":26}},"139":{"start":{"line":140,"column":0},"end":{"line":140,"column":16}},"140":{"start":{"line":141,"column":0},"end":{"line":141,"column":3}},"141":{"start":{"line":142,"column":0},"end":{"line":142,"column":0}},"142":{"start":{"line":143,"column":0},"end":{"line":143,"column":5}},"143":{"start":{"line":144,"column":0},"end":{"line":144,"column":56}},"144":{"start":{"line":145,"column":0},"end":{"line":145,"column":49}},"145":{"start":{"line":146,"column":0},"end":{"line":146,"column":57}},"146":{"start":{"line":147,"column":0},"end":{"line":147,"column":5}},"147":{"start":{"line":148,"column":0},"end":{"line":148,"column":13}},"148":{"start":{"line":149,"column":0},"end":{"line":149,"column":18}},"149":{"start":{"line":150,"column":0},"end":{"line":150,"column":71}},"150":{"start":{"line":151,"column":0},"end":{"line":151,"column":81}},"151":{"start":{"line":152,"column":0},"end":{"line":152,"column":8}},"152":{"start":{"line":153,"column":0},"end":{"line":153,"column":5}},"153":{"start":{"line":154,"column":0},"end":{"line":154,"column":38}},"154":{"start":{"line":155,"column":0},"end":{"line":155,"column":34}},"155":{"start":{"line":156,"column":0},"end":{"line":156,"column":16}},"156":{"start":{"line":157,"column":0},"end":{"line":157,"column":3}},"157":{"start":{"line":158,"column":0},"end":{"line":158,"column":0}},"158":{"start":{"line":159,"column":0},"end":{"line":159,"column":5}},"159":{"start":{"line":160,"column":0},"end":{"line":160,"column":77}},"160":{"start":{"line":161,"column":0},"end":{"line":161,"column":5}},"161":{"start":{"line":162,"column":0},"end":{"line":162,"column":72}},"162":{"start":{"line":163,"column":0},"end":{"line":163,"column":43}},"163":{"start":{"line":164,"column":0},"end":{"line":164,"column":27}},"164":{"start":{"line":165,"column":0},"end":{"line":165,"column":52}},"165":{"start":{"line":166,"column":0},"end":{"line":166,"column":7}},"166":{"start":{"line":167,"column":0},"end":{"line":167,"column":51}},"167":{"start":{"line":168,"column":0},"end":{"line":168,"column":5}},"168":{"start":{"line":169,"column":0},"end":{"line":169,"column":51}},"169":{"start":{"line":170,"column":0},"end":{"line":170,"column":3}},"170":{"start":{"line":171,"column":0},"end":{"line":171,"column":0}},"171":{"start":{"line":172,"column":0},"end":{"line":172,"column":5}},"172":{"start":{"line":173,"column":0},"end":{"line":173,"column":38}},"173":{"start":{"line":174,"column":0},"end":{"line":174,"column":81}},"174":{"start":{"line":175,"column":0},"end":{"line":175,"column":72}},"175":{"start":{"line":176,"column":0},"end":{"line":176,"column":5}},"176":{"start":{"line":177,"column":0},"end":{"line":177,"column":63}},"177":{"start":{"line":178,"column":0},"end":{"line":178,"column":12}},"178":{"start":{"line":179,"column":0},"end":{"line":179,"column":21}},"179":{"start":{"line":180,"column":0},"end":{"line":180,"column":46}},"180":{"start":{"line":181,"column":0},"end":{"line":181,"column":6}},"181":{"start":{"line":182,"column":0},"end":{"line":182,"column":3}},"182":{"start":{"line":183,"column":0},"end":{"line":183,"column":0}},"183":{"start":{"line":184,"column":0},"end":{"line":184,"column":5}},"184":{"start":{"line":185,"column":0},"end":{"line":185,"column":43}},"185":{"start":{"line":186,"column":0},"end":{"line":186,"column":37}},"186":{"start":{"line":187,"column":0},"end":{"line":187,"column":62}},"187":{"start":{"line":188,"column":0},"end":{"line":188,"column":5}},"188":{"start":{"line":189,"column":0},"end":{"line":189,"column":57}},"189":{"start":{"line":190,"column":0},"end":{"line":190,"column":12}},"190":{"start":{"line":191,"column":0},"end":{"line":191,"column":20}},"191":{"start":{"line":192,"column":0},"end":{"line":192,"column":10}},"192":{"start":{"line":193,"column":0},"end":{"line":193,"column":6}},"193":{"start":{"line":194,"column":0},"end":{"line":194,"column":3}},"194":{"start":{"line":195,"column":0},"end":{"line":195,"column":0}},"195":{"start":{"line":196,"column":0},"end":{"line":196,"column":5}},"196":{"start":{"line":197,"column":0},"end":{"line":197,"column":40}},"197":{"start":{"line":198,"column":0},"end":{"line":198,"column":5}},"198":{"start":{"line":199,"column":0},"end":{"line":199,"column":110}},"199":{"start":{"line":200,"column":0},"end":{"line":200,"column":40}},"200":{"start":{"line":201,"column":0},"end":{"line":201,"column":61}},"201":{"start":{"line":202,"column":0},"end":{"line":202,"column":5}},"202":{"start":{"line":203,"column":0},"end":{"line":203,"column":16}},"203":{"start":{"line":204,"column":0},"end":{"line":204,"column":3}},"204":{"start":{"line":205,"column":0},"end":{"line":205,"column":1}},"205":{"start":{"line":206,"column":0},"end":{"line":206,"column":0}},"206":{"start":{"line":207,"column":0},"end":{"line":207,"column":3}},"207":{"start":{"line":208,"column":0},"end":{"line":208,"column":67}},"208":{"start":{"line":209,"column":0},"end":{"line":209,"column":3}},"209":{"start":{"line":210,"column":0},"end":{"line":210,"column":66}},"210":{"start":{"line":211,"column":0},"end":{"line":211,"column":26}},"211":{"start":{"line":212,"column":0},"end":{"line":212,"column":26}},"212":{"start":{"line":213,"column":0},"end":{"line":213,"column":0}},"213":{"start":{"line":214,"column":0},"end":{"line":214,"column":5}},"214":{"start":{"line":215,"column":0},"end":{"line":215,"column":34}},"215":{"start":{"line":216,"column":0},"end":{"line":216,"column":43}},"216":{"start":{"line":217,"column":0},"end":{"line":217,"column":57}},"217":{"start":{"line":218,"column":0},"end":{"line":218,"column":5}},"218":{"start":{"line":219,"column":0},"end":{"line":219,"column":28}},"219":{"start":{"line":220,"column":0},"end":{"line":220,"column":22}},"220":{"start":{"line":221,"column":0},"end":{"line":221,"column":16}},"221":{"start":{"line":222,"column":0},"end":{"line":222,"column":3}},"222":{"start":{"line":223,"column":0},"end":{"line":223,"column":0}},"223":{"start":{"line":224,"column":0},"end":{"line":224,"column":5}},"224":{"start":{"line":225,"column":0},"end":{"line":225,"column":34}},"225":{"start":{"line":226,"column":0},"end":{"line":226,"column":41}},"226":{"start":{"line":227,"column":0},"end":{"line":227,"column":57}},"227":{"start":{"line":228,"column":0},"end":{"line":228,"column":5}},"228":{"start":{"line":229,"column":0},"end":{"line":229,"column":28}},"229":{"start":{"line":230,"column":0},"end":{"line":230,"column":22}},"230":{"start":{"line":231,"column":0},"end":{"line":231,"column":16}},"231":{"start":{"line":232,"column":0},"end":{"line":232,"column":3}},"232":{"start":{"line":233,"column":0},"end":{"line":233,"column":0}},"233":{"start":{"line":234,"column":0},"end":{"line":234,"column":82}},"234":{"start":{"line":235,"column":0},"end":{"line":235,"column":76}},"235":{"start":{"line":236,"column":0},"end":{"line":236,"column":3}},"236":{"start":{"line":237,"column":0},"end":{"line":237,"column":1}},"237":{"start":{"line":238,"column":0},"end":{"line":238,"column":0}},"238":{"start":{"line":239,"column":0},"end":{"line":239,"column":3}},"239":{"start":{"line":240,"column":0},"end":{"line":240,"column":60}},"240":{"start":{"line":241,"column":0},"end":{"line":241,"column":3}},"241":{"start":{"line":242,"column":0},"end":{"line":242,"column":67}},"242":{"start":{"line":243,"column":0},"end":{"line":243,"column":32}},"243":{"start":{"line":244,"column":0},"end":{"line":244,"column":32}},"244":{"start":{"line":245,"column":0},"end":{"line":245,"column":0}},"245":{"start":{"line":246,"column":0},"end":{"line":246,"column":5}},"246":{"start":{"line":247,"column":0},"end":{"line":247,"column":35}},"247":{"start":{"line":248,"column":0},"end":{"line":248,"column":44}},"248":{"start":{"line":249,"column":0},"end":{"line":249,"column":57}},"249":{"start":{"line":250,"column":0},"end":{"line":250,"column":5}},"250":{"start":{"line":251,"column":0},"end":{"line":251,"column":35}},"251":{"start":{"line":252,"column":0},"end":{"line":252,"column":29}},"252":{"start":{"line":253,"column":0},"end":{"line":253,"column":16}},"253":{"start":{"line":254,"column":0},"end":{"line":254,"column":3}},"254":{"start":{"line":255,"column":0},"end":{"line":255,"column":0}},"255":{"start":{"line":256,"column":0},"end":{"line":256,"column":5}},"256":{"start":{"line":257,"column":0},"end":{"line":257,"column":35}},"257":{"start":{"line":258,"column":0},"end":{"line":258,"column":43}},"258":{"start":{"line":259,"column":0},"end":{"line":259,"column":57}},"259":{"start":{"line":260,"column":0},"end":{"line":260,"column":5}},"260":{"start":{"line":261,"column":0},"end":{"line":261,"column":35}},"261":{"start":{"line":262,"column":0},"end":{"line":262,"column":29}},"262":{"start":{"line":263,"column":0},"end":{"line":263,"column":16}},"263":{"start":{"line":264,"column":0},"end":{"line":264,"column":3}},"264":{"start":{"line":265,"column":0},"end":{"line":265,"column":0}},"265":{"start":{"line":266,"column":0},"end":{"line":266,"column":84}},"266":{"start":{"line":267,"column":0},"end":{"line":267,"column":90}},"267":{"start":{"line":268,"column":0},"end":{"line":268,"column":3}},"268":{"start":{"line":269,"column":0},"end":{"line":269,"column":1}},"269":{"start":{"line":270,"column":0},"end":{"line":270,"column":0}},"270":{"start":{"line":271,"column":0},"end":{"line":271,"column":3}},"271":{"start":{"line":272,"column":0},"end":{"line":272,"column":62}},"272":{"start":{"line":273,"column":0},"end":{"line":273,"column":3}},"273":{"start":{"line":274,"column":0},"end":{"line":274,"column":11}},"274":{"start":{"line":275,"column":0},"end":{"line":275,"column":16}},"275":{"start":{"line":276,"column":0},"end":{"line":276,"column":36}},"276":{"start":{"line":277,"column":0},"end":{"line":277,"column":18}},"277":{"start":{"line":278,"column":0},"end":{"line":278,"column":19}},"278":{"start":{"line":279,"column":0},"end":{"line":279,"column":29}},"279":{"start":{"line":280,"column":0},"end":{"line":280,"column":3}},"280":{"start":{"line":281,"column":0},"end":{"line":281,"column":67}},"281":{"start":{"line":282,"column":0},"end":{"line":282,"column":105}},"282":{"start":{"line":283,"column":0},"end":{"line":283,"column":112}},"283":{"start":{"line":284,"column":0},"end":{"line":284,"column":6}},"284":{"start":{"line":285,"column":0},"end":{"line":285,"column":3}},"285":{"start":{"line":286,"column":0},"end":{"line":286,"column":66}},"286":{"start":{"line":287,"column":0},"end":{"line":287,"column":28}},"287":{"start":{"line":288,"column":0},"end":{"line":288,"column":0}},"288":{"start":{"line":289,"column":0},"end":{"line":289,"column":54}},"289":{"start":{"line":290,"column":0},"end":{"line":290,"column":29}},"290":{"start":{"line":291,"column":0},"end":{"line":291,"column":54}},"291":{"start":{"line":292,"column":0},"end":{"line":292,"column":46}},"292":{"start":{"line":293,"column":0},"end":{"line":293,"column":0}},"293":{"start":{"line":294,"column":0},"end":{"line":294,"column":22}},"294":{"start":{"line":295,"column":0},"end":{"line":295,"column":67}},"295":{"start":{"line":296,"column":0},"end":{"line":296,"column":36}},"296":{"start":{"line":297,"column":0},"end":{"line":297,"column":0}},"297":{"start":{"line":298,"column":0},"end":{"line":298,"column":32}},"298":{"start":{"line":299,"column":0},"end":{"line":299,"column":0}},"299":{"start":{"line":300,"column":0},"end":{"line":300,"column":24}},"300":{"start":{"line":301,"column":0},"end":{"line":301,"column":56}},"301":{"start":{"line":302,"column":0},"end":{"line":302,"column":58}},"302":{"start":{"line":303,"column":0},"end":{"line":303,"column":0}},"303":{"start":{"line":304,"column":0},"end":{"line":304,"column":25}},"304":{"start":{"line":305,"column":0},"end":{"line":305,"column":52}},"305":{"start":{"line":306,"column":0},"end":{"line":306,"column":68}},"306":{"start":{"line":307,"column":0},"end":{"line":307,"column":5}},"307":{"start":{"line":308,"column":0},"end":{"line":308,"column":0}},"308":{"start":{"line":309,"column":0},"end":{"line":309,"column":35}},"309":{"start":{"line":310,"column":0},"end":{"line":310,"column":3}},"310":{"start":{"line":311,"column":0},"end":{"line":311,"column":0}},"311":{"start":{"line":312,"column":0},"end":{"line":312,"column":5}},"312":{"start":{"line":313,"column":0},"end":{"line":313,"column":65}},"313":{"start":{"line":314,"column":0},"end":{"line":314,"column":46}},"314":{"start":{"line":315,"column":0},"end":{"line":315,"column":57}},"315":{"start":{"line":316,"column":0},"end":{"line":316,"column":5}},"316":{"start":{"line":317,"column":0},"end":{"line":317,"column":13}},"317":{"start":{"line":318,"column":0},"end":{"line":318,"column":18}},"318":{"start":{"line":319,"column":0},"end":{"line":319,"column":72}},"319":{"start":{"line":320,"column":0},"end":{"line":320,"column":65}},"320":{"start":{"line":321,"column":0},"end":{"line":321,"column":109}},"321":{"start":{"line":322,"column":0},"end":{"line":322,"column":8}},"322":{"start":{"line":323,"column":0},"end":{"line":323,"column":5}},"323":{"start":{"line":324,"column":0},"end":{"line":324,"column":32}},"324":{"start":{"line":325,"column":0},"end":{"line":325,"column":26}},"325":{"start":{"line":326,"column":0},"end":{"line":326,"column":16}},"326":{"start":{"line":327,"column":0},"end":{"line":327,"column":3}},"327":{"start":{"line":328,"column":0},"end":{"line":328,"column":0}},"328":{"start":{"line":329,"column":0},"end":{"line":329,"column":5}},"329":{"start":{"line":330,"column":0},"end":{"line":330,"column":55}},"330":{"start":{"line":331,"column":0},"end":{"line":331,"column":57}},"331":{"start":{"line":332,"column":0},"end":{"line":332,"column":5}},"332":{"start":{"line":333,"column":0},"end":{"line":333,"column":13}},"333":{"start":{"line":334,"column":0},"end":{"line":334,"column":18}},"334":{"start":{"line":335,"column":0},"end":{"line":335,"column":47}},"335":{"start":{"line":336,"column":0},"end":{"line":336,"column":91}},"336":{"start":{"line":337,"column":0},"end":{"line":337,"column":106}},"337":{"start":{"line":338,"column":0},"end":{"line":338,"column":8}},"338":{"start":{"line":339,"column":0},"end":{"line":339,"column":5}},"339":{"start":{"line":340,"column":0},"end":{"line":340,"column":17}},"340":{"start":{"line":341,"column":0},"end":{"line":341,"column":49}},"341":{"start":{"line":342,"column":0},"end":{"line":342,"column":61}},"342":{"start":{"line":343,"column":0},"end":{"line":343,"column":3}},"343":{"start":{"line":344,"column":0},"end":{"line":344,"column":0}},"344":{"start":{"line":345,"column":0},"end":{"line":345,"column":5}},"345":{"start":{"line":346,"column":0},"end":{"line":346,"column":61}},"346":{"start":{"line":347,"column":0},"end":{"line":347,"column":57}},"347":{"start":{"line":348,"column":0},"end":{"line":348,"column":5}},"348":{"start":{"line":349,"column":0},"end":{"line":349,"column":13}},"349":{"start":{"line":350,"column":0},"end":{"line":350,"column":18}},"350":{"start":{"line":351,"column":0},"end":{"line":351,"column":45}},"351":{"start":{"line":352,"column":0},"end":{"line":352,"column":97}},"352":{"start":{"line":353,"column":0},"end":{"line":353,"column":92}},"353":{"start":{"line":354,"column":0},"end":{"line":354,"column":8}},"354":{"start":{"line":355,"column":0},"end":{"line":355,"column":5}},"355":{"start":{"line":356,"column":0},"end":{"line":356,"column":15}},"356":{"start":{"line":357,"column":0},"end":{"line":357,"column":37}},"357":{"start":{"line":358,"column":0},"end":{"line":358,"column":51}},"358":{"start":{"line":359,"column":0},"end":{"line":359,"column":3}},"359":{"start":{"line":360,"column":0},"end":{"line":360,"column":1}},"360":{"start":{"line":361,"column":0},"end":{"line":361,"column":0}},"361":{"start":{"line":362,"column":0},"end":{"line":362,"column":3}},"362":{"start":{"line":363,"column":0},"end":{"line":363,"column":63}},"363":{"start":{"line":364,"column":0},"end":{"line":364,"column":3}},"364":{"start":{"line":365,"column":0},"end":{"line":365,"column":11}},"365":{"start":{"line":366,"column":0},"end":{"line":366,"column":16}},"366":{"start":{"line":367,"column":0},"end":{"line":367,"column":36}},"367":{"start":{"line":368,"column":0},"end":{"line":368,"column":12}},"368":{"start":{"line":369,"column":0},"end":{"line":369,"column":14}},"369":{"start":{"line":370,"column":0},"end":{"line":370,"column":16}},"370":{"start":{"line":371,"column":0},"end":{"line":371,"column":3}},"371":{"start":{"line":372,"column":0},"end":{"line":372,"column":57}},"372":{"start":{"line":373,"column":0},"end":{"line":373,"column":87}},"373":{"start":{"line":374,"column":0},"end":{"line":374,"column":89}},"374":{"start":{"line":375,"column":0},"end":{"line":375,"column":6}},"375":{"start":{"line":376,"column":0},"end":{"line":376,"column":3}},"376":{"start":{"line":377,"column":0},"end":{"line":377,"column":65}},"377":{"start":{"line":378,"column":0},"end":{"line":378,"column":27}},"378":{"start":{"line":379,"column":0},"end":{"line":379,"column":28}},"379":{"start":{"line":380,"column":0},"end":{"line":380,"column":0}},"380":{"start":{"line":381,"column":0},"end":{"line":381,"column":54}},"381":{"start":{"line":382,"column":0},"end":{"line":382,"column":29}},"382":{"start":{"line":383,"column":0},"end":{"line":383,"column":54}},"383":{"start":{"line":384,"column":0},"end":{"line":384,"column":46}},"384":{"start":{"line":385,"column":0},"end":{"line":385,"column":0}},"385":{"start":{"line":386,"column":0},"end":{"line":386,"column":22}},"386":{"start":{"line":387,"column":0},"end":{"line":387,"column":52}},"387":{"start":{"line":388,"column":0},"end":{"line":388,"column":56}},"388":{"start":{"line":389,"column":0},"end":{"line":389,"column":5}},"389":{"start":{"line":390,"column":0},"end":{"line":390,"column":0}},"390":{"start":{"line":391,"column":0},"end":{"line":391,"column":32}},"391":{"start":{"line":392,"column":0},"end":{"line":392,"column":0}},"392":{"start":{"line":393,"column":0},"end":{"line":393,"column":23}},"393":{"start":{"line":394,"column":0},"end":{"line":394,"column":47}},"394":{"start":{"line":395,"column":0},"end":{"line":395,"column":56}},"395":{"start":{"line":396,"column":0},"end":{"line":396,"column":0}},"396":{"start":{"line":397,"column":0},"end":{"line":397,"column":25}},"397":{"start":{"line":398,"column":0},"end":{"line":398,"column":50}},"398":{"start":{"line":399,"column":0},"end":{"line":399,"column":59}},"399":{"start":{"line":400,"column":0},"end":{"line":400,"column":5}},"400":{"start":{"line":401,"column":0},"end":{"line":401,"column":0}},"401":{"start":{"line":402,"column":0},"end":{"line":402,"column":26}},"402":{"start":{"line":403,"column":0},"end":{"line":403,"column":37}},"403":{"start":{"line":404,"column":0},"end":{"line":404,"column":57}},"404":{"start":{"line":405,"column":0},"end":{"line":405,"column":5}},"405":{"start":{"line":406,"column":0},"end":{"line":406,"column":0}},"406":{"start":{"line":407,"column":0},"end":{"line":407,"column":35}},"407":{"start":{"line":408,"column":0},"end":{"line":408,"column":3}},"408":{"start":{"line":409,"column":0},"end":{"line":409,"column":0}},"409":{"start":{"line":410,"column":0},"end":{"line":410,"column":5}},"410":{"start":{"line":411,"column":0},"end":{"line":411,"column":56}},"411":{"start":{"line":412,"column":0},"end":{"line":412,"column":57}},"412":{"start":{"line":413,"column":0},"end":{"line":413,"column":5}},"413":{"start":{"line":414,"column":0},"end":{"line":414,"column":13}},"414":{"start":{"line":415,"column":0},"end":{"line":415,"column":18}},"415":{"start":{"line":416,"column":0},"end":{"line":416,"column":49}},"416":{"start":{"line":417,"column":0},"end":{"line":417,"column":59}},"417":{"start":{"line":418,"column":0},"end":{"line":418,"column":91}},"418":{"start":{"line":419,"column":0},"end":{"line":419,"column":8}},"419":{"start":{"line":420,"column":0},"end":{"line":420,"column":5}},"420":{"start":{"line":421,"column":0},"end":{"line":421,"column":19}},"421":{"start":{"line":422,"column":0},"end":{"line":422,"column":25}},"422":{"start":{"line":423,"column":0},"end":{"line":423,"column":16}},"423":{"start":{"line":424,"column":0},"end":{"line":424,"column":3}},"424":{"start":{"line":425,"column":0},"end":{"line":425,"column":0}},"425":{"start":{"line":426,"column":0},"end":{"line":426,"column":5}},"426":{"start":{"line":427,"column":0},"end":{"line":427,"column":56}},"427":{"start":{"line":428,"column":0},"end":{"line":428,"column":57}},"428":{"start":{"line":429,"column":0},"end":{"line":429,"column":5}},"429":{"start":{"line":430,"column":0},"end":{"line":430,"column":13}},"430":{"start":{"line":431,"column":0},"end":{"line":431,"column":18}},"431":{"start":{"line":432,"column":0},"end":{"line":432,"column":50}},"432":{"start":{"line":433,"column":0},"end":{"line":433,"column":57}},"433":{"start":{"line":434,"column":0},"end":{"line":434,"column":86}},"434":{"start":{"line":435,"column":0},"end":{"line":435,"column":87}},"435":{"start":{"line":436,"column":0},"end":{"line":436,"column":8}},"436":{"start":{"line":437,"column":0},"end":{"line":437,"column":5}},"437":{"start":{"line":438,"column":0},"end":{"line":438,"column":20}},"438":{"start":{"line":439,"column":0},"end":{"line":439,"column":26}},"439":{"start":{"line":440,"column":0},"end":{"line":440,"column":16}},"440":{"start":{"line":441,"column":0},"end":{"line":441,"column":3}},"441":{"start":{"line":442,"column":0},"end":{"line":442,"column":1}},"442":{"start":{"line":443,"column":0},"end":{"line":443,"column":0}},"443":{"start":{"line":444,"column":0},"end":{"line":444,"column":3}},"444":{"start":{"line":445,"column":0},"end":{"line":445,"column":44}},"445":{"start":{"line":446,"column":0},"end":{"line":446,"column":3}},"446":{"start":{"line":447,"column":0},"end":{"line":447,"column":11}},"447":{"start":{"line":448,"column":0},"end":{"line":448,"column":16}},"448":{"start":{"line":449,"column":0},"end":{"line":449,"column":38}},"449":{"start":{"line":450,"column":0},"end":{"line":450,"column":61}},"450":{"start":{"line":451,"column":0},"end":{"line":451,"column":89}},"451":{"start":{"line":452,"column":0},"end":{"line":452,"column":3}},"452":{"start":{"line":453,"column":0},"end":{"line":453,"column":57}},"453":{"start":{"line":454,"column":0},"end":{"line":454,"column":79}},"454":{"start":{"line":455,"column":0},"end":{"line":455,"column":6}},"455":{"start":{"line":456,"column":0},"end":{"line":456,"column":3}},"456":{"start":{"line":457,"column":0},"end":{"line":457,"column":51}},"457":{"start":{"line":458,"column":0},"end":{"line":458,"column":55}},"458":{"start":{"line":459,"column":0},"end":{"line":459,"column":29}},"459":{"start":{"line":460,"column":0},"end":{"line":460,"column":54}},"460":{"start":{"line":461,"column":0},"end":{"line":461,"column":46}},"461":{"start":{"line":462,"column":0},"end":{"line":462,"column":0}},"462":{"start":{"line":463,"column":0},"end":{"line":463,"column":22}},"463":{"start":{"line":464,"column":0},"end":{"line":464,"column":69}},"464":{"start":{"line":465,"column":0},"end":{"line":465,"column":36}},"465":{"start":{"line":466,"column":0},"end":{"line":466,"column":0}},"466":{"start":{"line":467,"column":0},"end":{"line":467,"column":48}},"467":{"start":{"line":468,"column":0},"end":{"line":468,"column":3}},"468":{"start":{"line":469,"column":0},"end":{"line":469,"column":1}},"469":{"start":{"line":470,"column":0},"end":{"line":470,"column":0}},"470":{"start":{"line":471,"column":0},"end":{"line":471,"column":3}},"471":{"start":{"line":472,"column":0},"end":{"line":472,"column":86}},"472":{"start":{"line":473,"column":0},"end":{"line":473,"column":3}},"473":{"start":{"line":474,"column":0},"end":{"line":474,"column":11}},"474":{"start":{"line":475,"column":0},"end":{"line":475,"column":16}},"475":{"start":{"line":476,"column":0},"end":{"line":476,"column":34}},"476":{"start":{"line":477,"column":0},"end":{"line":477,"column":33}},"477":{"start":{"line":478,"column":0},"end":{"line":478,"column":34}},"478":{"start":{"line":479,"column":0},"end":{"line":479,"column":3}},"479":{"start":{"line":480,"column":0},"end":{"line":480,"column":86}},"480":{"start":{"line":481,"column":0},"end":{"line":481,"column":76}},"481":{"start":{"line":482,"column":0},"end":{"line":482,"column":115}},"482":{"start":{"line":483,"column":0},"end":{"line":483,"column":6}},"483":{"start":{"line":484,"column":0},"end":{"line":484,"column":3}},"484":{"start":{"line":485,"column":0},"end":{"line":485,"column":45}},"485":{"start":{"line":486,"column":0},"end":{"line":486,"column":26}},"486":{"start":{"line":487,"column":0},"end":{"line":487,"column":26}},"487":{"start":{"line":488,"column":0},"end":{"line":488,"column":0}},"488":{"start":{"line":489,"column":0},"end":{"line":489,"column":52}},"489":{"start":{"line":490,"column":0},"end":{"line":490,"column":29}},"490":{"start":{"line":491,"column":0},"end":{"line":491,"column":54}},"491":{"start":{"line":492,"column":0},"end":{"line":492,"column":46}},"492":{"start":{"line":493,"column":0},"end":{"line":493,"column":0}},"493":{"start":{"line":494,"column":0},"end":{"line":494,"column":17}},"494":{"start":{"line":495,"column":0},"end":{"line":495,"column":45}},"495":{"start":{"line":496,"column":0},"end":{"line":496,"column":47}},"496":{"start":{"line":497,"column":0},"end":{"line":497,"column":0}},"497":{"start":{"line":498,"column":0},"end":{"line":498,"column":34}},"498":{"start":{"line":499,"column":0},"end":{"line":499,"column":0}},"499":{"start":{"line":500,"column":0},"end":{"line":500,"column":28}},"500":{"start":{"line":501,"column":0},"end":{"line":501,"column":52}},"501":{"start":{"line":502,"column":0},"end":{"line":502,"column":56}},"502":{"start":{"line":503,"column":0},"end":{"line":503,"column":0}},"503":{"start":{"line":504,"column":0},"end":{"line":504,"column":36}},"504":{"start":{"line":505,"column":0},"end":{"line":505,"column":3}},"505":{"start":{"line":506,"column":0},"end":{"line":506,"column":0}},"506":{"start":{"line":507,"column":0},"end":{"line":507,"column":61}},"507":{"start":{"line":508,"column":0},"end":{"line":508,"column":19}},"508":{"start":{"line":509,"column":0},"end":{"line":509,"column":4}},"509":{"start":{"line":510,"column":0},"end":{"line":510,"column":32}},"510":{"start":{"line":511,"column":0},"end":{"line":511,"column":19}},"511":{"start":{"line":512,"column":0},"end":{"line":512,"column":72}},"512":{"start":{"line":513,"column":0},"end":{"line":513,"column":29}},"513":{"start":{"line":514,"column":0},"end":{"line":514,"column":12}},"514":{"start":{"line":515,"column":0},"end":{"line":515,"column":73}},"515":{"start":{"line":516,"column":0},"end":{"line":516,"column":5}},"516":{"start":{"line":517,"column":0},"end":{"line":517,"column":0}},"517":{"start":{"line":518,"column":0},"end":{"line":518,"column":32}},"518":{"start":{"line":519,"column":0},"end":{"line":519,"column":60}},"519":{"start":{"line":520,"column":0},"end":{"line":520,"column":5}},"520":{"start":{"line":521,"column":0},"end":{"line":521,"column":0}},"521":{"start":{"line":522,"column":0},"end":{"line":522,"column":36}},"522":{"start":{"line":523,"column":0},"end":{"line":523,"column":3}},"523":{"start":{"line":524,"column":0},"end":{"line":524,"column":0}},"524":{"start":{"line":525,"column":0},"end":{"line":525,"column":56}},"525":{"start":{"line":526,"column":0},"end":{"line":526,"column":48}},"526":{"start":{"line":527,"column":0},"end":{"line":527,"column":65}},"527":{"start":{"line":528,"column":0},"end":{"line":528,"column":5}},"528":{"start":{"line":529,"column":0},"end":{"line":529,"column":48}},"529":{"start":{"line":530,"column":0},"end":{"line":530,"column":66}},"530":{"start":{"line":531,"column":0},"end":{"line":531,"column":5}},"531":{"start":{"line":532,"column":0},"end":{"line":532,"column":16}},"532":{"start":{"line":533,"column":0},"end":{"line":533,"column":3}},"533":{"start":{"line":534,"column":0},"end":{"line":534,"column":0}},"534":{"start":{"line":535,"column":0},"end":{"line":535,"column":5}},"535":{"start":{"line":536,"column":0},"end":{"line":536,"column":33}},"536":{"start":{"line":537,"column":0},"end":{"line":537,"column":39}},"537":{"start":{"line":538,"column":0},"end":{"line":538,"column":57}},"538":{"start":{"line":539,"column":0},"end":{"line":539,"column":5}},"539":{"start":{"line":540,"column":0},"end":{"line":540,"column":13}},"540":{"start":{"line":541,"column":0},"end":{"line":541,"column":18}},"541":{"start":{"line":542,"column":0},"end":{"line":542,"column":65}},"542":{"start":{"line":543,"column":0},"end":{"line":543,"column":88}},"543":{"start":{"line":544,"column":0},"end":{"line":544,"column":127}},"544":{"start":{"line":545,"column":0},"end":{"line":545,"column":8}},"545":{"start":{"line":546,"column":0},"end":{"line":546,"column":5}},"546":{"start":{"line":547,"column":0},"end":{"line":547,"column":25}},"547":{"start":{"line":548,"column":0},"end":{"line":548,"column":25}},"548":{"start":{"line":549,"column":0},"end":{"line":549,"column":16}},"549":{"start":{"line":550,"column":0},"end":{"line":550,"column":3}},"550":{"start":{"line":551,"column":0},"end":{"line":551,"column":0}},"551":{"start":{"line":552,"column":0},"end":{"line":552,"column":5}},"552":{"start":{"line":553,"column":0},"end":{"line":553,"column":33}},"553":{"start":{"line":554,"column":0},"end":{"line":554,"column":39}},"554":{"start":{"line":555,"column":0},"end":{"line":555,"column":57}},"555":{"start":{"line":556,"column":0},"end":{"line":556,"column":5}},"556":{"start":{"line":557,"column":0},"end":{"line":557,"column":13}},"557":{"start":{"line":558,"column":0},"end":{"line":558,"column":18}},"558":{"start":{"line":559,"column":0},"end":{"line":559,"column":65}},"559":{"start":{"line":560,"column":0},"end":{"line":560,"column":88}},"560":{"start":{"line":561,"column":0},"end":{"line":561,"column":128}},"561":{"start":{"line":562,"column":0},"end":{"line":562,"column":8}},"562":{"start":{"line":563,"column":0},"end":{"line":563,"column":5}},"563":{"start":{"line":564,"column":0},"end":{"line":564,"column":25}},"564":{"start":{"line":565,"column":0},"end":{"line":565,"column":25}},"565":{"start":{"line":566,"column":0},"end":{"line":566,"column":16}},"566":{"start":{"line":567,"column":0},"end":{"line":567,"column":3}},"567":{"start":{"line":568,"column":0},"end":{"line":568,"column":0}},"568":{"start":{"line":569,"column":0},"end":{"line":569,"column":5}},"569":{"start":{"line":570,"column":0},"end":{"line":570,"column":63}},"570":{"start":{"line":571,"column":0},"end":{"line":571,"column":57}},"571":{"start":{"line":572,"column":0},"end":{"line":572,"column":5}},"572":{"start":{"line":573,"column":0},"end":{"line":573,"column":13}},"573":{"start":{"line":574,"column":0},"end":{"line":574,"column":18}},"574":{"start":{"line":575,"column":0},"end":{"line":575,"column":46}},"575":{"start":{"line":576,"column":0},"end":{"line":576,"column":33}},"576":{"start":{"line":577,"column":0},"end":{"line":577,"column":46}},"577":{"start":{"line":578,"column":0},"end":{"line":578,"column":5}},"578":{"start":{"line":579,"column":0},"end":{"line":579,"column":74}},"579":{"start":{"line":580,"column":0},"end":{"line":580,"column":110}},"580":{"start":{"line":581,"column":0},"end":{"line":581,"column":8}},"581":{"start":{"line":582,"column":0},"end":{"line":582,"column":5}},"582":{"start":{"line":583,"column":0},"end":{"line":583,"column":18}},"583":{"start":{"line":584,"column":0},"end":{"line":584,"column":31}},"584":{"start":{"line":585,"column":0},"end":{"line":585,"column":58}},"585":{"start":{"line":586,"column":0},"end":{"line":586,"column":3}},"586":{"start":{"line":587,"column":0},"end":{"line":587,"column":0}},"587":{"start":{"line":588,"column":0},"end":{"line":588,"column":5}},"588":{"start":{"line":589,"column":0},"end":{"line":589,"column":62}},"589":{"start":{"line":590,"column":0},"end":{"line":590,"column":57}},"590":{"start":{"line":591,"column":0},"end":{"line":591,"column":5}},"591":{"start":{"line":592,"column":0},"end":{"line":592,"column":13}},"592":{"start":{"line":593,"column":0},"end":{"line":593,"column":18}},"593":{"start":{"line":594,"column":0},"end":{"line":594,"column":44}},"594":{"start":{"line":595,"column":0},"end":{"line":595,"column":88}},"595":{"start":{"line":596,"column":0},"end":{"line":596,"column":5}},"596":{"start":{"line":597,"column":0},"end":{"line":597,"column":33}},"597":{"start":{"line":598,"column":0},"end":{"line":598,"column":46}},"598":{"start":{"line":599,"column":0},"end":{"line":599,"column":94}},"599":{"start":{"line":600,"column":0},"end":{"line":600,"column":8}},"600":{"start":{"line":601,"column":0},"end":{"line":601,"column":5}},"601":{"start":{"line":602,"column":0},"end":{"line":602,"column":16}},"602":{"start":{"line":603,"column":0},"end":{"line":603,"column":31}},"603":{"start":{"line":604,"column":0},"end":{"line":604,"column":56}},"604":{"start":{"line":605,"column":0},"end":{"line":605,"column":3}},"605":{"start":{"line":606,"column":0},"end":{"line":606,"column":1}},"606":{"start":{"line":607,"column":0},"end":{"line":607,"column":0}},"607":{"start":{"line":608,"column":0},"end":{"line":608,"column":3}},"608":{"start":{"line":609,"column":0},"end":{"line":609,"column":73}},"609":{"start":{"line":610,"column":0},"end":{"line":610,"column":47}},"610":{"start":{"line":611,"column":0},"end":{"line":611,"column":3}},"611":{"start":{"line":612,"column":0},"end":{"line":612,"column":11}},"612":{"start":{"line":613,"column":0},"end":{"line":613,"column":16}},"613":{"start":{"line":614,"column":0},"end":{"line":614,"column":50}},"614":{"start":{"line":615,"column":0},"end":{"line":615,"column":18}},"615":{"start":{"line":616,"column":0},"end":{"line":616,"column":19}},"616":{"start":{"line":617,"column":0},"end":{"line":617,"column":3}},"617":{"start":{"line":618,"column":0},"end":{"line":618,"column":89}},"618":{"start":{"line":619,"column":0},"end":{"line":619,"column":94}},"619":{"start":{"line":620,"column":0},"end":{"line":620,"column":114}},"620":{"start":{"line":621,"column":0},"end":{"line":621,"column":6}},"621":{"start":{"line":622,"column":0},"end":{"line":622,"column":3}},"622":{"start":{"line":623,"column":0},"end":{"line":623,"column":65}},"623":{"start":{"line":624,"column":0},"end":{"line":624,"column":52}},"624":{"start":{"line":625,"column":0},"end":{"line":625,"column":12}},"625":{"start":{"line":626,"column":0},"end":{"line":626,"column":3}},"626":{"start":{"line":627,"column":0},"end":{"line":627,"column":0}},"627":{"start":{"line":628,"column":0},"end":{"line":628,"column":51}},"628":{"start":{"line":629,"column":0},"end":{"line":629,"column":29}},"629":{"start":{"line":630,"column":0},"end":{"line":630,"column":54}},"630":{"start":{"line":631,"column":0},"end":{"line":631,"column":46}},"631":{"start":{"line":632,"column":0},"end":{"line":632,"column":0}},"632":{"start":{"line":633,"column":0},"end":{"line":633,"column":22}},"633":{"start":{"line":634,"column":0},"end":{"line":634,"column":32}},"634":{"start":{"line":635,"column":0},"end":{"line":635,"column":56}},"635":{"start":{"line":636,"column":0},"end":{"line":636,"column":5}},"636":{"start":{"line":637,"column":0},"end":{"line":637,"column":0}},"637":{"start":{"line":638,"column":0},"end":{"line":638,"column":24}},"638":{"start":{"line":639,"column":0},"end":{"line":639,"column":67}},"639":{"start":{"line":640,"column":0},"end":{"line":640,"column":58}},"640":{"start":{"line":641,"column":0},"end":{"line":641,"column":0}},"641":{"start":{"line":642,"column":0},"end":{"line":642,"column":22}},"642":{"start":{"line":643,"column":0},"end":{"line":643,"column":49}},"643":{"start":{"line":644,"column":0},"end":{"line":644,"column":47}},"644":{"start":{"line":645,"column":0},"end":{"line":645,"column":0}},"645":{"start":{"line":646,"column":0},"end":{"line":646,"column":48}},"646":{"start":{"line":647,"column":0},"end":{"line":647,"column":3}},"647":{"start":{"line":648,"column":0},"end":{"line":648,"column":0}},"648":{"start":{"line":649,"column":0},"end":{"line":649,"column":66}},"649":{"start":{"line":650,"column":0},"end":{"line":650,"column":35}},"650":{"start":{"line":651,"column":0},"end":{"line":651,"column":32}},"651":{"start":{"line":652,"column":0},"end":{"line":652,"column":0}},"652":{"start":{"line":653,"column":0},"end":{"line":653,"column":44}},"653":{"start":{"line":654,"column":0},"end":{"line":654,"column":59}},"654":{"start":{"line":655,"column":0},"end":{"line":655,"column":27}},"655":{"start":{"line":656,"column":0},"end":{"line":656,"column":42}},"656":{"start":{"line":657,"column":0},"end":{"line":657,"column":14}},"657":{"start":{"line":658,"column":0},"end":{"line":658,"column":72}},"658":{"start":{"line":659,"column":0},"end":{"line":659,"column":7}},"659":{"start":{"line":660,"column":0},"end":{"line":660,"column":5}},"660":{"start":{"line":661,"column":0},"end":{"line":661,"column":0}},"661":{"start":{"line":662,"column":0},"end":{"line":662,"column":29}},"662":{"start":{"line":663,"column":0},"end":{"line":663,"column":35}},"663":{"start":{"line":664,"column":0},"end":{"line":664,"column":43}},"664":{"start":{"line":665,"column":0},"end":{"line":665,"column":3}},"665":{"start":{"line":666,"column":0},"end":{"line":666,"column":0}},"666":{"start":{"line":667,"column":0},"end":{"line":667,"column":5}},"667":{"start":{"line":668,"column":0},"end":{"line":668,"column":78}},"668":{"start":{"line":669,"column":0},"end":{"line":669,"column":57}},"669":{"start":{"line":670,"column":0},"end":{"line":670,"column":5}},"670":{"start":{"line":671,"column":0},"end":{"line":671,"column":13}},"671":{"start":{"line":672,"column":0},"end":{"line":672,"column":18}},"672":{"start":{"line":673,"column":0},"end":{"line":673,"column":64}},"673":{"start":{"line":674,"column":0},"end":{"line":674,"column":73}},"674":{"start":{"line":675,"column":0},"end":{"line":675,"column":85}},"675":{"start":{"line":676,"column":0},"end":{"line":676,"column":8}},"676":{"start":{"line":677,"column":0},"end":{"line":677,"column":5}},"677":{"start":{"line":678,"column":0},"end":{"line":678,"column":20}},"678":{"start":{"line":679,"column":0},"end":{"line":679,"column":24}},"679":{"start":{"line":680,"column":0},"end":{"line":680,"column":53}},"680":{"start":{"line":681,"column":0},"end":{"line":681,"column":3}},"681":{"start":{"line":682,"column":0},"end":{"line":682,"column":1}},"682":{"start":{"line":683,"column":0},"end":{"line":683,"column":0}},"683":{"start":{"line":684,"column":0},"end":{"line":684,"column":3}},"684":{"start":{"line":685,"column":0},"end":{"line":685,"column":59}},"685":{"start":{"line":686,"column":0},"end":{"line":686,"column":58}},"686":{"start":{"line":687,"column":0},"end":{"line":687,"column":3}},"687":{"start":{"line":688,"column":0},"end":{"line":688,"column":11}},"688":{"start":{"line":689,"column":0},"end":{"line":689,"column":16}},"689":{"start":{"line":690,"column":0},"end":{"line":690,"column":65}},"690":{"start":{"line":691,"column":0},"end":{"line":691,"column":40}},"691":{"start":{"line":692,"column":0},"end":{"line":692,"column":42}},"692":{"start":{"line":693,"column":0},"end":{"line":693,"column":6}},"693":{"start":{"line":694,"column":0},"end":{"line":694,"column":3}},"694":{"start":{"line":695,"column":0},"end":{"line":695,"column":99}},"695":{"start":{"line":696,"column":0},"end":{"line":696,"column":80}},"696":{"start":{"line":697,"column":0},"end":{"line":697,"column":6}},"697":{"start":{"line":698,"column":0},"end":{"line":698,"column":3}},"698":{"start":{"line":699,"column":0},"end":{"line":699,"column":47}},"699":{"start":{"line":700,"column":0},"end":{"line":700,"column":63}},"700":{"start":{"line":701,"column":0},"end":{"line":701,"column":12}},"701":{"start":{"line":702,"column":0},"end":{"line":702,"column":3}},"702":{"start":{"line":703,"column":0},"end":{"line":703,"column":0}},"703":{"start":{"line":704,"column":0},"end":{"line":704,"column":49}},"704":{"start":{"line":705,"column":0},"end":{"line":705,"column":29}},"705":{"start":{"line":706,"column":0},"end":{"line":706,"column":54}},"706":{"start":{"line":707,"column":0},"end":{"line":707,"column":46}},"707":{"start":{"line":708,"column":0},"end":{"line":708,"column":0}},"708":{"start":{"line":709,"column":0},"end":{"line":709,"column":22}},"709":{"start":{"line":710,"column":0},"end":{"line":710,"column":60}},"710":{"start":{"line":711,"column":0},"end":{"line":711,"column":57}},"711":{"start":{"line":712,"column":0},"end":{"line":712,"column":5}},"712":{"start":{"line":713,"column":0},"end":{"line":713,"column":0}},"713":{"start":{"line":714,"column":0},"end":{"line":714,"column":49}},"714":{"start":{"line":715,"column":0},"end":{"line":715,"column":0}},"715":{"start":{"line":716,"column":0},"end":{"line":716,"column":22}},"716":{"start":{"line":717,"column":0},"end":{"line":717,"column":49}},"717":{"start":{"line":718,"column":0},"end":{"line":718,"column":49}},"718":{"start":{"line":719,"column":0},"end":{"line":719,"column":0}},"719":{"start":{"line":720,"column":0},"end":{"line":720,"column":49}},"720":{"start":{"line":721,"column":0},"end":{"line":721,"column":3}},"721":{"start":{"line":722,"column":0},"end":{"line":722,"column":0}},"722":{"start":{"line":723,"column":0},"end":{"line":723,"column":77}},"723":{"start":{"line":724,"column":0},"end":{"line":724,"column":49}},"724":{"start":{"line":725,"column":0},"end":{"line":725,"column":32}},"725":{"start":{"line":726,"column":0},"end":{"line":726,"column":0}},"726":{"start":{"line":727,"column":0},"end":{"line":727,"column":65}},"727":{"start":{"line":728,"column":0},"end":{"line":728,"column":50}},"728":{"start":{"line":729,"column":0},"end":{"line":729,"column":27}},"729":{"start":{"line":730,"column":0},"end":{"line":730,"column":40}},"730":{"start":{"line":731,"column":0},"end":{"line":731,"column":42}},"731":{"start":{"line":732,"column":0},"end":{"line":732,"column":9}},"732":{"start":{"line":733,"column":0},"end":{"line":733,"column":14}},"733":{"start":{"line":734,"column":0},"end":{"line":734,"column":68}},"734":{"start":{"line":735,"column":0},"end":{"line":735,"column":7}},"735":{"start":{"line":736,"column":0},"end":{"line":736,"column":5}},"736":{"start":{"line":737,"column":0},"end":{"line":737,"column":0}},"737":{"start":{"line":738,"column":0},"end":{"line":738,"column":29}},"738":{"start":{"line":739,"column":0},"end":{"line":739,"column":35}},"739":{"start":{"line":740,"column":0},"end":{"line":740,"column":46}},"740":{"start":{"line":741,"column":0},"end":{"line":741,"column":3}},"741":{"start":{"line":742,"column":0},"end":{"line":742,"column":0}},"742":{"start":{"line":743,"column":0},"end":{"line":743,"column":5}},"743":{"start":{"line":744,"column":0},"end":{"line":744,"column":86}},"744":{"start":{"line":745,"column":0},"end":{"line":745,"column":57}},"745":{"start":{"line":746,"column":0},"end":{"line":746,"column":5}},"746":{"start":{"line":747,"column":0},"end":{"line":747,"column":13}},"747":{"start":{"line":748,"column":0},"end":{"line":748,"column":18}},"748":{"start":{"line":749,"column":0},"end":{"line":749,"column":71}},"749":{"start":{"line":750,"column":0},"end":{"line":750,"column":83}},"750":{"start":{"line":751,"column":0},"end":{"line":751,"column":111}},"751":{"start":{"line":752,"column":0},"end":{"line":752,"column":8}},"752":{"start":{"line":753,"column":0},"end":{"line":753,"column":5}},"753":{"start":{"line":754,"column":0},"end":{"line":754,"column":18}},"754":{"start":{"line":755,"column":0},"end":{"line":755,"column":60}},"755":{"start":{"line":756,"column":0},"end":{"line":756,"column":69}},"756":{"start":{"line":757,"column":0},"end":{"line":757,"column":3}},"757":{"start":{"line":758,"column":0},"end":{"line":758,"column":1}},"758":{"start":{"line":759,"column":0},"end":{"line":759,"column":0}},"759":{"start":{"line":760,"column":0},"end":{"line":760,"column":3}},"760":{"start":{"line":761,"column":0},"end":{"line":761,"column":62}},"761":{"start":{"line":762,"column":0},"end":{"line":762,"column":59}},"762":{"start":{"line":763,"column":0},"end":{"line":763,"column":3}},"763":{"start":{"line":764,"column":0},"end":{"line":764,"column":11}},"764":{"start":{"line":765,"column":0},"end":{"line":765,"column":16}},"765":{"start":{"line":766,"column":0},"end":{"line":766,"column":34}},"766":{"start":{"line":767,"column":0},"end":{"line":767,"column":21}},"767":{"start":{"line":768,"column":0},"end":{"line":768,"column":21}},"768":{"start":{"line":769,"column":0},"end":{"line":769,"column":21}},"769":{"start":{"line":770,"column":0},"end":{"line":770,"column":5}},"770":{"start":{"line":771,"column":0},"end":{"line":771,"column":3}},"771":{"start":{"line":772,"column":0},"end":{"line":772,"column":67}},"772":{"start":{"line":773,"column":0},"end":{"line":773,"column":57}},"773":{"start":{"line":774,"column":0},"end":{"line":774,"column":61}},"774":{"start":{"line":775,"column":0},"end":{"line":775,"column":107}},"775":{"start":{"line":776,"column":0},"end":{"line":776,"column":6}},"776":{"start":{"line":777,"column":0},"end":{"line":777,"column":3}},"777":{"start":{"line":778,"column":0},"end":{"line":778,"column":46}},"778":{"start":{"line":779,"column":0},"end":{"line":779,"column":53}},"779":{"start":{"line":780,"column":0},"end":{"line":780,"column":12}},"780":{"start":{"line":781,"column":0},"end":{"line":781,"column":3}},"781":{"start":{"line":782,"column":0},"end":{"line":782,"column":0}},"782":{"start":{"line":783,"column":0},"end":{"line":783,"column":49}},"783":{"start":{"line":784,"column":0},"end":{"line":784,"column":29}},"784":{"start":{"line":785,"column":0},"end":{"line":785,"column":54}},"785":{"start":{"line":786,"column":0},"end":{"line":786,"column":46}},"786":{"start":{"line":787,"column":0},"end":{"line":787,"column":0}},"787":{"start":{"line":788,"column":0},"end":{"line":788,"column":44}},"788":{"start":{"line":789,"column":0},"end":{"line":789,"column":46}},"789":{"start":{"line":790,"column":0},"end":{"line":790,"column":47}},"790":{"start":{"line":791,"column":0},"end":{"line":791,"column":27}},"791":{"start":{"line":792,"column":0},"end":{"line":792,"column":45}},"792":{"start":{"line":793,"column":0},"end":{"line":793,"column":7}},"793":{"start":{"line":794,"column":0},"end":{"line":794,"column":5}},"794":{"start":{"line":795,"column":0},"end":{"line":795,"column":0}},"795":{"start":{"line":796,"column":0},"end":{"line":796,"column":77}},"796":{"start":{"line":797,"column":0},"end":{"line":797,"column":3}},"797":{"start":{"line":798,"column":0},"end":{"line":798,"column":1}},"798":{"start":{"line":799,"column":0},"end":{"line":799,"column":0}},"799":{"start":{"line":800,"column":0},"end":{"line":800,"column":3}},"800":{"start":{"line":801,"column":0},"end":{"line":801,"column":86}},"801":{"start":{"line":802,"column":0},"end":{"line":802,"column":3}},"802":{"start":{"line":803,"column":0},"end":{"line":803,"column":11}},"803":{"start":{"line":804,"column":0},"end":{"line":804,"column":16}},"804":{"start":{"line":805,"column":0},"end":{"line":805,"column":17}},"805":{"start":{"line":806,"column":0},"end":{"line":806,"column":50}},"806":{"start":{"line":807,"column":0},"end":{"line":807,"column":56}},"807":{"start":{"line":808,"column":0},"end":{"line":808,"column":3}},"808":{"start":{"line":809,"column":0},"end":{"line":809,"column":31}},"809":{"start":{"line":810,"column":0},"end":{"line":810,"column":46}},"810":{"start":{"line":811,"column":0},"end":{"line":811,"column":40}},"811":{"start":{"line":812,"column":0},"end":{"line":812,"column":36}},"812":{"start":{"line":813,"column":0},"end":{"line":813,"column":44}},"813":{"start":{"line":814,"column":0},"end":{"line":814,"column":54}},"814":{"start":{"line":815,"column":0},"end":{"line":815,"column":6}},"815":{"start":{"line":816,"column":0},"end":{"line":816,"column":3}},"816":{"start":{"line":817,"column":0},"end":{"line":817,"column":19}},"817":{"start":{"line":818,"column":0},"end":{"line":818,"column":51}},"818":{"start":{"line":819,"column":0},"end":{"line":819,"column":24}},"819":{"start":{"line":820,"column":0},"end":{"line":820,"column":45}},"820":{"start":{"line":821,"column":0},"end":{"line":821,"column":11}},"821":{"start":{"line":822,"column":0},"end":{"line":822,"column":54}},"822":{"start":{"line":823,"column":0},"end":{"line":823,"column":4}},"823":{"start":{"line":824,"column":0},"end":{"line":824,"column":6}},"824":{"start":{"line":825,"column":0},"end":{"line":825,"column":3}},"825":{"start":{"line":826,"column":0},"end":{"line":826,"column":14}},"826":{"start":{"line":827,"column":0},"end":{"line":827,"column":5}},"827":{"start":{"line":828,"column":0},"end":{"line":828,"column":31}},"828":{"start":{"line":829,"column":0},"end":{"line":829,"column":67}},"829":{"start":{"line":830,"column":0},"end":{"line":830,"column":5}},"830":{"start":{"line":831,"column":0},"end":{"line":831,"column":13}},"831":{"start":{"line":832,"column":0},"end":{"line":832,"column":18}},"832":{"start":{"line":833,"column":0},"end":{"line":833,"column":38}},"833":{"start":{"line":834,"column":0},"end":{"line":834,"column":20}},"834":{"start":{"line":835,"column":0},"end":{"line":835,"column":21}},"835":{"start":{"line":836,"column":0},"end":{"line":836,"column":31}},"836":{"start":{"line":837,"column":0},"end":{"line":837,"column":5}},"837":{"start":{"line":838,"column":0},"end":{"line":838,"column":69}},"838":{"start":{"line":839,"column":0},"end":{"line":839,"column":8}},"839":{"start":{"line":840,"column":0},"end":{"line":840,"column":5}},"840":{"start":{"line":841,"column":0},"end":{"line":841,"column":36}},"841":{"start":{"line":842,"column":0},"end":{"line":842,"column":33}},"842":{"start":{"line":843,"column":0},"end":{"line":843,"column":3}},"843":{"start":{"line":844,"column":0},"end":{"line":844,"column":0}},"844":{"start":{"line":845,"column":0},"end":{"line":845,"column":5}},"845":{"start":{"line":846,"column":0},"end":{"line":846,"column":31}},"846":{"start":{"line":847,"column":0},"end":{"line":847,"column":68}},"847":{"start":{"line":848,"column":0},"end":{"line":848,"column":5}},"848":{"start":{"line":849,"column":0},"end":{"line":849,"column":13}},"849":{"start":{"line":850,"column":0},"end":{"line":850,"column":18}},"850":{"start":{"line":851,"column":0},"end":{"line":851,"column":38}},"851":{"start":{"line":852,"column":0},"end":{"line":852,"column":14}},"852":{"start":{"line":853,"column":0},"end":{"line":853,"column":16}},"853":{"start":{"line":854,"column":0},"end":{"line":854,"column":18}},"854":{"start":{"line":855,"column":0},"end":{"line":855,"column":5}},"855":{"start":{"line":856,"column":0},"end":{"line":856,"column":59}},"856":{"start":{"line":857,"column":0},"end":{"line":857,"column":8}},"857":{"start":{"line":858,"column":0},"end":{"line":858,"column":5}},"858":{"start":{"line":859,"column":0},"end":{"line":859,"column":36}},"859":{"start":{"line":860,"column":0},"end":{"line":860,"column":33}},"860":{"start":{"line":861,"column":0},"end":{"line":861,"column":3}},"861":{"start":{"line":862,"column":0},"end":{"line":862,"column":0}},"862":{"start":{"line":863,"column":0},"end":{"line":863,"column":5}},"863":{"start":{"line":864,"column":0},"end":{"line":864,"column":32}},"864":{"start":{"line":865,"column":0},"end":{"line":865,"column":69}},"865":{"start":{"line":866,"column":0},"end":{"line":866,"column":5}},"866":{"start":{"line":867,"column":0},"end":{"line":867,"column":13}},"867":{"start":{"line":868,"column":0},"end":{"line":868,"column":18}},"868":{"start":{"line":869,"column":0},"end":{"line":869,"column":40}},"869":{"start":{"line":870,"column":0},"end":{"line":870,"column":63}},"870":{"start":{"line":871,"column":0},"end":{"line":871,"column":91}},"871":{"start":{"line":872,"column":0},"end":{"line":872,"column":8}},"872":{"start":{"line":873,"column":0},"end":{"line":873,"column":5}},"873":{"start":{"line":874,"column":0},"end":{"line":874,"column":38}},"874":{"start":{"line":875,"column":0},"end":{"line":875,"column":34}},"875":{"start":{"line":876,"column":0},"end":{"line":876,"column":3}},"876":{"start":{"line":877,"column":0},"end":{"line":877,"column":0}},"877":{"start":{"line":878,"column":0},"end":{"line":878,"column":5}},"878":{"start":{"line":879,"column":0},"end":{"line":879,"column":29}},"879":{"start":{"line":880,"column":0},"end":{"line":880,"column":81}},"880":{"start":{"line":881,"column":0},"end":{"line":881,"column":5}},"881":{"start":{"line":882,"column":0},"end":{"line":882,"column":13}},"882":{"start":{"line":883,"column":0},"end":{"line":883,"column":18}},"883":{"start":{"line":884,"column":0},"end":{"line":884,"column":36}},"884":{"start":{"line":885,"column":0},"end":{"line":885,"column":35}},"885":{"start":{"line":886,"column":0},"end":{"line":886,"column":17}},"886":{"start":{"line":887,"column":0},"end":{"line":887,"column":5}},"887":{"start":{"line":888,"column":0},"end":{"line":888,"column":88}},"888":{"start":{"line":889,"column":0},"end":{"line":889,"column":8}},"889":{"start":{"line":890,"column":0},"end":{"line":890,"column":5}},"890":{"start":{"line":891,"column":0},"end":{"line":891,"column":32}},"891":{"start":{"line":892,"column":0},"end":{"line":892,"column":31}},"892":{"start":{"line":893,"column":0},"end":{"line":893,"column":3}},"893":{"start":{"line":894,"column":0},"end":{"line":894,"column":0}},"894":{"start":{"line":895,"column":0},"end":{"line":895,"column":5}},"895":{"start":{"line":896,"column":0},"end":{"line":896,"column":57}},"896":{"start":{"line":897,"column":0},"end":{"line":897,"column":60}},"897":{"start":{"line":898,"column":0},"end":{"line":898,"column":67}},"898":{"start":{"line":899,"column":0},"end":{"line":899,"column":61}},"899":{"start":{"line":900,"column":0},"end":{"line":900,"column":5}},"900":{"start":{"line":901,"column":0},"end":{"line":901,"column":13}},"901":{"start":{"line":902,"column":0},"end":{"line":902,"column":18}},"902":{"start":{"line":903,"column":0},"end":{"line":903,"column":67}},"903":{"start":{"line":904,"column":0},"end":{"line":904,"column":42}},"904":{"start":{"line":905,"column":0},"end":{"line":905,"column":44}},"905":{"start":{"line":906,"column":0},"end":{"line":906,"column":8}},"906":{"start":{"line":907,"column":0},"end":{"line":907,"column":5}},"907":{"start":{"line":908,"column":0},"end":{"line":908,"column":101}},"908":{"start":{"line":909,"column":0},"end":{"line":909,"column":8}},"909":{"start":{"line":910,"column":0},"end":{"line":910,"column":5}},"910":{"start":{"line":911,"column":0},"end":{"line":911,"column":80}},"911":{"start":{"line":912,"column":0},"end":{"line":912,"column":42}},"912":{"start":{"line":913,"column":0},"end":{"line":913,"column":3}},"913":{"start":{"line":914,"column":0},"end":{"line":914,"column":0}},"914":{"start":{"line":915,"column":0},"end":{"line":915,"column":5}},"915":{"start":{"line":916,"column":0},"end":{"line":916,"column":84}},"916":{"start":{"line":917,"column":0},"end":{"line":917,"column":49}},"917":{"start":{"line":918,"column":0},"end":{"line":918,"column":65}},"918":{"start":{"line":919,"column":0},"end":{"line":919,"column":59}},"919":{"start":{"line":920,"column":0},"end":{"line":920,"column":5}},"920":{"start":{"line":921,"column":0},"end":{"line":921,"column":13}},"921":{"start":{"line":922,"column":0},"end":{"line":922,"column":18}},"922":{"start":{"line":923,"column":0},"end":{"line":923,"column":60}},"923":{"start":{"line":924,"column":0},"end":{"line":924,"column":20}},"924":{"start":{"line":925,"column":0},"end":{"line":925,"column":21}},"925":{"start":{"line":926,"column":0},"end":{"line":926,"column":5}},"926":{"start":{"line":927,"column":0},"end":{"line":927,"column":101}},"927":{"start":{"line":928,"column":0},"end":{"line":928,"column":8}},"928":{"start":{"line":929,"column":0},"end":{"line":929,"column":5}},"929":{"start":{"line":930,"column":0},"end":{"line":930,"column":67}},"930":{"start":{"line":931,"column":0},"end":{"line":931,"column":48}},"931":{"start":{"line":932,"column":0},"end":{"line":932,"column":3}},"932":{"start":{"line":933,"column":0},"end":{"line":933,"column":0}},"933":{"start":{"line":934,"column":0},"end":{"line":934,"column":5}},"934":{"start":{"line":935,"column":0},"end":{"line":935,"column":79}},"935":{"start":{"line":936,"column":0},"end":{"line":936,"column":61}},"936":{"start":{"line":937,"column":0},"end":{"line":937,"column":74}},"937":{"start":{"line":938,"column":0},"end":{"line":938,"column":64}},"938":{"start":{"line":939,"column":0},"end":{"line":939,"column":5}},"939":{"start":{"line":940,"column":0},"end":{"line":940,"column":13}},"940":{"start":{"line":941,"column":0},"end":{"line":941,"column":18}},"941":{"start":{"line":942,"column":0},"end":{"line":942,"column":36}},"942":{"start":{"line":943,"column":0},"end":{"line":943,"column":23}},"943":{"start":{"line":944,"column":0},"end":{"line":944,"column":23}},"944":{"start":{"line":945,"column":0},"end":{"line":945,"column":23}},"945":{"start":{"line":946,"column":0},"end":{"line":946,"column":7}},"946":{"start":{"line":947,"column":0},"end":{"line":947,"column":5}},"947":{"start":{"line":948,"column":0},"end":{"line":948,"column":69}},"948":{"start":{"line":949,"column":0},"end":{"line":949,"column":59}},"949":{"start":{"line":950,"column":0},"end":{"line":950,"column":8}},"950":{"start":{"line":951,"column":0},"end":{"line":951,"column":5}},"951":{"start":{"line":952,"column":0},"end":{"line":952,"column":71}},"952":{"start":{"line":953,"column":0},"end":{"line":953,"column":45}},"953":{"start":{"line":954,"column":0},"end":{"line":954,"column":3}},"954":{"start":{"line":955,"column":0},"end":{"line":955,"column":0}},"955":{"start":{"line":956,"column":0},"end":{"line":956,"column":5}},"956":{"start":{"line":957,"column":0},"end":{"line":957,"column":73}},"957":{"start":{"line":958,"column":0},"end":{"line":958,"column":70}},"958":{"start":{"line":959,"column":0},"end":{"line":959,"column":56}},"959":{"start":{"line":960,"column":0},"end":{"line":960,"column":78}},"960":{"start":{"line":961,"column":0},"end":{"line":961,"column":5}},"961":{"start":{"line":962,"column":0},"end":{"line":962,"column":13}},"962":{"start":{"line":963,"column":0},"end":{"line":963,"column":18}},"963":{"start":{"line":964,"column":0},"end":{"line":964,"column":42}},"964":{"start":{"line":965,"column":0},"end":{"line":965,"column":32}},"965":{"start":{"line":966,"column":0},"end":{"line":966,"column":34}},"966":{"start":{"line":967,"column":0},"end":{"line":967,"column":32}},"967":{"start":{"line":968,"column":0},"end":{"line":968,"column":7}},"968":{"start":{"line":969,"column":0},"end":{"line":969,"column":5}},"969":{"start":{"line":970,"column":0},"end":{"line":970,"column":77}},"970":{"start":{"line":971,"column":0},"end":{"line":971,"column":78}},"971":{"start":{"line":972,"column":0},"end":{"line":972,"column":8}},"972":{"start":{"line":973,"column":0},"end":{"line":973,"column":5}},"973":{"start":{"line":974,"column":0},"end":{"line":974,"column":79}},"974":{"start":{"line":975,"column":0},"end":{"line":975,"column":44}},"975":{"start":{"line":976,"column":0},"end":{"line":976,"column":53}},"976":{"start":{"line":977,"column":0},"end":{"line":977,"column":33}},"977":{"start":{"line":978,"column":0},"end":{"line":978,"column":58}},"978":{"start":{"line":979,"column":0},"end":{"line":979,"column":50}},"979":{"start":{"line":980,"column":0},"end":{"line":980,"column":0}},"980":{"start":{"line":981,"column":0},"end":{"line":981,"column":30}},"981":{"start":{"line":982,"column":0},"end":{"line":982,"column":68}},"982":{"start":{"line":983,"column":0},"end":{"line":983,"column":9}},"983":{"start":{"line":984,"column":0},"end":{"line":984,"column":0}},"984":{"start":{"line":985,"column":0},"end":{"line":985,"column":46}},"985":{"start":{"line":986,"column":0},"end":{"line":986,"column":7}},"986":{"start":{"line":987,"column":0},"end":{"line":987,"column":9}},"987":{"start":{"line":988,"column":0},"end":{"line":988,"column":3}},"988":{"start":{"line":989,"column":0},"end":{"line":989,"column":1}},"989":{"start":{"line":990,"column":0},"end":{"line":990,"column":0}},"990":{"start":{"line":991,"column":0},"end":{"line":991,"column":51}},"991":{"start":{"line":992,"column":0},"end":{"line":992,"column":47}},"992":{"start":{"line":993,"column":0},"end":{"line":993,"column":0}},"993":{"start":{"line":994,"column":0},"end":{"line":994,"column":71}},"994":{"start":{"line":995,"column":0},"end":{"line":995,"column":115}}},"s":{"0":1,"1":1,"2":1,"3":1,"4":1,"5":1,"6":1,"7":1,"8":1,"9":1,"10":1,"11":1,"12":1,"13":1,"14":1,"15":1,"16":1,"17":1,"18":1,"19":1,"20":1,"21":1,"22":1,"23":1,"24":1,"25":1,"26":1,"27":1,"28":1,"29":1,"30":1,"31":1,"32":1,"33":1,"34":1,"35":1,"36":1,"37":1,"38":1,"39":1,"40":1,"41":1,"42":1,"43":1,"44":1,"45":1,"46":1,"47":1,"48":1,"49":1,"50":1,"51":2496,"52":2496,"53":1,"54":1,"55":1,"56":1,"57":1,"58":565,"59":565,"60":565,"61":565,"62":565,"63":565,"64":7,"65":7,"66":565,"67":4,"68":4,"69":554,"70":554,"71":1,"72":1,"73":1,"74":1,"75":1,"76":1168,"77":1168,"78":1168,"79":1168,"80":1168,"81":1168,"82":12,"83":12,"84":12,"85":1168,"86":5,"87":5,"88":5,"89":1151,"90":1151,"91":1,"92":1,"93":1,"94":1,"95":1,"96":31,"97":31,"98":1,"99":1,"100":1,"101":1,"102":1,"103":1,"104":1,"105":1,"106":1,"107":1,"108":1,"109":1,"110":1,"111":1,"112":1,"113":1,"114":1,"115":187,"116":187,"117":187,"118":187,"119":187,"120":187,"121":187,"122":187,"123":187,"124":187,"125":187,"126":187,"127":187,"128":187,"129":187,"130":187,"131":187,"132":187,"133":187,"134":187,"135":187,"136":187,"137":187,"138":9,"139":9,"140":9,"141":187,"142":187,"143":187,"144":187,"145":187,"146":187,"147":187,"148":187,"149":187,"150":187,"151":187,"152":187,"153":187,"154":19,"155":19,"156":19,"157":187,"158":187,"159":187,"160":187,"161":187,"162":2496,"163":31,"164":9,"165":9,"166":22,"167":22,"168":2465,"169":2465,"170":187,"171":187,"172":187,"173":187,"174":187,"175":187,"176":187,"177":233,"178":233,"179":233,"180":233,"181":233,"182":187,"183":187,"184":187,"185":187,"186":187,"187":187,"188":187,"189":2761,"190":2761,"191":2761,"192":2761,"193":2761,"194":187,"195":187,"196":187,"197":187,"198":187,"199":1187,"200":40,"201":40,"202":1147,"203":1147,"204":187,"205":1,"206":1,"207":1,"208":1,"209":1,"210":1,"211":1,"212":1,"213":1,"214":1,"215":1,"216":1,"217":1,"218":1,"219":10,"220":10,"221":10,"222":1,"223":1,"224":1,"225":1,"226":1,"227":1,"228":1,"229":5,"230":5,"231":5,"232":1,"233":1,"234":565,"235":565,"236":1,"237":1,"238":1,"239":1,"240":1,"241":1,"242":1,"243":1,"244":1,"245":1,"246":1,"247":1,"248":1,"249":1,"250":1,"251":14,"252":14,"253":14,"254":1,"255":1,"256":1,"257":1,"258":1,"259":1,"260":1,"261":9,"262":9,"263":9,"264":1,"265":1,"266":1168,"267":1168,"268":1,"269":1,"270":1,"271":1,"272":1,"273":1,"274":1,"275":1,"276":1,"277":1,"278":1,"279":1,"280":1,"281":1,"282":1,"283":1,"284":1,"285":1,"286":1,"287":1,"288":1,"289":1184,"290":1184,"291":1184,"292":1170,"293":1170,"294":1170,"295":1184,"296":1139,"297":1139,"298":1139,"299":1139,"300":1139,"301":1184,"302":1128,"303":1128,"304":1184,"305":31,"306":31,"307":1097,"308":1097,"309":1097,"310":1,"311":1,"312":1,"313":1,"314":1,"315":1,"316":1,"317":1,"318":1,"319":1,"320":1,"321":1,"322":1,"323":1,"324":15,"325":15,"326":15,"327":1,"328":1,"329":1,"330":1,"331":1,"332":1,"333":1,"334":1,"335":1,"336":1,"337":1,"338":1,"339":1,"340":9,"341":9,"342":9,"343":1,"344":1,"345":1,"346":1,"347":1,"348":1,"349":1,"350":1,"351":1,"352":1,"353":1,"354":1,"355":1,"356":3,"357":3,"358":3,"359":1,"360":1,"361":1,"362":1,"363":1,"364":1,"365":1,"366":1,"367":1,"368":1,"369":1,"370":1,"371":1,"372":1,"373":1,"374":1,"375":1,"376":25,"377":25,"378":25,"379":25,"380":25,"381":594,"382":594,"383":594,"384":589,"385":589,"386":594,"387":24,"388":24,"389":565,"390":565,"391":565,"392":565,"393":565,"394":594,"395":554,"396":554,"397":594,"398":5,"399":5,"400":549,"401":549,"402":594,"403":5,"404":5,"405":544,"406":544,"407":544,"408":25,"409":25,"410":25,"411":25,"412":25,"413":25,"414":25,"415":25,"416":25,"417":25,"418":25,"419":25,"420":25,"421":5,"422":5,"423":5,"424":25,"425":25,"426":25,"427":25,"428":25,"429":25,"430":25,"431":25,"432":25,"433":25,"434":25,"435":25,"436":25,"437":25,"438":5,"439":5,"440":5,"441":25,"442":1,"443":1,"444":1,"445":1,"446":1,"447":1,"448":1,"449":1,"450":1,"451":1,"452":1,"453":1,"454":1,"455":1,"456":1,"457":1,"458":21,"459":21,"460":21,"461":17,"462":17,"463":17,"464":21,"465":8,"466":8,"467":8,"468":1,"469":1,"470":1,"471":1,"472":1,"473":1,"474":1,"475":1,"476":1,"477":1,"478":1,"479":1,"480":1,"481":1,"482":1,"483":1,"484":1,"485":1,"486":1,"487":1,"488":1,"489":30,"490":30,"491":30,"492":28,"493":28,"494":28,"495":30,"496":15,"497":15,"498":15,"499":15,"500":15,"501":30,"502":11,"503":11,"504":11,"505":1,"506":1,"507":28,"508":28,"509":28,"510":12,"511":28,"512":12,"513":16,"514":4,"515":4,"516":24,"517":28,"518":9,"519":9,"520":15,"521":15,"522":15,"523":1,"524":1,"525":15,"526":2,"527":2,"528":15,"529":2,"530":2,"531":11,"532":11,"533":1,"534":1,"535":1,"536":1,"537":1,"538":1,"539":1,"540":1,"541":1,"542":1,"543":1,"544":1,"545":1,"546":1,"547":1,"548":1,"549":1,"550":1,"551":1,"552":1,"553":1,"554":1,"555":1,"556":1,"557":1,"558":1,"559":1,"560":1,"561":1,"562":1,"563":1,"564":1,"565":1,"566":1,"567":1,"568":1,"569":1,"570":1,"571":1,"572":1,"573":1,"574":1,"575":1,"576":1,"577":1,"578":1,"579":1,"580":1,"581":1,"582":1,"583":1,"584":1,"585":1,"586":1,"587":1,"588":1,"589":1,"590":1,"591":1,"592":1,"593":1,"594":1,"595":1,"596":1,"597":1,"598":1,"599":1,"600":1,"601":1,"602":1,"603":1,"604":1,"605":1,"606":1,"607":1,"608":1,"609":1,"610":1,"611":1,"612":1,"613":1,"614":1,"615":1,"616":1,"617":1,"618":1,"619":1,"620":1,"621":1,"622":1,"623":1,"624":13,"625":13,"626":1,"627":1,"628":36,"629":36,"630":36,"631":34,"632":34,"633":36,"634":5,"635":5,"636":29,"637":29,"638":29,"639":36,"640":23,"641":23,"642":23,"643":36,"644":13,"645":13,"646":13,"647":1,"648":1,"649":23,"650":23,"651":23,"652":23,"653":548,"654":548,"655":536,"656":548,"657":12,"658":12,"659":548,"660":23,"661":23,"662":23,"663":23,"664":23,"665":1,"666":1,"667":1,"668":1,"669":1,"670":1,"671":1,"672":1,"673":1,"674":1,"675":1,"676":1,"677":1,"678":3,"679":3,"680":3,"681":1,"682":1,"683":1,"684":1,"685":1,"686":1,"687":1,"688":1,"689":1,"690":1,"691":1,"692":1,"693":1,"694":1,"695":1,"696":1,"697":1,"698":1,"699":1,"700":25,"701":25,"702":1,"703":1,"704":544,"705":544,"706":544,"707":542,"708":542,"709":544,"710":4,"711":4,"712":538,"713":538,"714":538,"715":538,"716":538,"717":544,"718":518,"719":518,"720":518,"721":1,"722":1,"723":538,"724":538,"725":538,"726":538,"727":1617,"728":1617,"729":1578,"730":1573,"731":1573,"732":1617,"733":39,"734":39,"735":1617,"736":538,"737":538,"738":538,"739":538,"740":538,"741":1,"742":1,"743":1,"744":1,"745":1,"746":1,"747":1,"748":1,"749":1,"750":1,"751":1,"752":1,"753":1,"754":0,"755":0,"756":0,"757":1,"758":1,"759":1,"760":1,"761":1,"762":1,"763":1,"764":1,"765":1,"766":1,"767":1,"768":1,"769":1,"770":1,"771":1,"772":1,"773":1,"774":1,"775":1,"776":1,"777":1,"778":1,"779":12,"780":12,"781":1,"782":1,"783":36,"784":36,"785":36,"786":34,"787":34,"788":36,"789":75,"790":75,"791":18,"792":18,"793":75,"794":16,"795":16,"796":16,"797":1,"798":1,"799":1,"800":1,"801":1,"802":1,"803":1,"804":1,"805":1,"806":1,"807":1,"808":1,"809":1,"810":1,"811":1,"812":1,"813":1,"814":1,"815":1,"816":1,"817":1,"818":1,"819":1,"820":1,"821":1,"822":1,"823":1,"824":1,"825":1,"826":1,"827":1,"828":1,"829":1,"830":1,"831":1,"832":1,"833":1,"834":1,"835":1,"836":1,"837":1,"838":1,"839":1,"840":1,"841":68,"842":68,"843":1,"844":1,"845":1,"846":1,"847":1,"848":1,"849":1,"850":1,"851":1,"852":1,"853":1,"854":1,"855":1,"856":1,"857":1,"858":1,"859":25,"860":25,"861":1,"862":1,"863":1,"864":1,"865":1,"866":1,"867":1,"868":1,"869":1,"870":1,"871":1,"872":1,"873":1,"874":6,"875":6,"876":1,"877":1,"878":1,"879":1,"880":1,"881":1,"882":1,"883":1,"884":1,"885":1,"886":1,"887":1,"888":1,"889":1,"890":1,"891":8,"892":8,"893":1,"894":1,"895":1,"896":1,"897":1,"898":1,"899":1,"900":1,"901":1,"902":1,"903":1,"904":1,"905":1,"906":1,"907":1,"908":1,"909":1,"910":1,"911":25,"912":25,"913":1,"914":1,"915":1,"916":1,"917":1,"918":1,"919":1,"920":1,"921":1,"922":1,"923":1,"924":1,"925":1,"926":1,"927":1,"928":1,"929":1,"930":13,"931":13,"932":1,"933":1,"934":1,"935":1,"936":1,"937":1,"938":1,"939":1,"940":1,"941":1,"942":1,"943":1,"944":1,"945":1,"946":1,"947":1,"948":1,"949":1,"950":1,"951":1,"952":12,"953":12,"954":1,"955":1,"956":1,"957":1,"958":1,"959":1,"960":1,"961":1,"962":1,"963":1,"964":1,"965":1,"966":1,"967":1,"968":1,"969":1,"970":1,"971":1,"972":1,"973":1,"974":30,"975":30,"976":51,"977":51,"978":51,"979":51,"980":51,"981":36,"982":36,"983":15,"984":15,"985":15,"986":30,"987":30,"988":1,"989":1,"990":1,"991":1,"992":1,"993":1,"994":1},"branchMap":{"0":{"type":"branch","line":51,"loc":{"start":{"line":51,"column":9},"end":{"line":53,"column":3}},"locations":[{"start":{"line":51,"column":9},"end":{"line":53,"column":3}}]},"1":{"type":"branch","line":52,"loc":{"start":{"line":52,"column":25},"end":{"line":52,"column":48}},"locations":[{"start":{"line":52,"column":25},"end":{"line":52,"column":48}}]},"2":{"type":"branch","line":58,"loc":{"start":{"line":58,"column":9},"end":{"line":71,"column":3}},"locations":[{"start":{"line":58,"column":9},"end":{"line":71,"column":3}}]},"3":{"type":"branch","line":64,"loc":{"start":{"line":64,"column":25},"end":{"line":64,"column":40}},"locations":[{"start":{"line":64,"column":25},"end":{"line":64,"column":40}}]},"4":{"type":"branch","line":64,"loc":{"start":{"line":64,"column":42},"end":{"line":66,"column":5}},"locations":[{"start":{"line":64,"column":42},"end":{"line":66,"column":5}}]},"5":{"type":"branch","line":67,"loc":{"start":{"line":67,"column":-2},"end":{"line":67,"column":29}},"locations":[{"start":{"line":67,"column":-2},"end":{"line":67,"column":29}}]},"6":{"type":"branch","line":67,"loc":{"start":{"line":67,"column":25},"end":{"line":67,"column":40}},"locations":[{"start":{"line":67,"column":25},"end":{"line":67,"column":40}}]},"7":{"type":"branch","line":67,"loc":{"start":{"line":67,"column":42},"end":{"line":69,"column":5}},"locations":[{"start":{"line":67,"column":42},"end":{"line":69,"column":5}}]},"8":{"type":"branch","line":
[...]
":1,"919":1,"920":1,"921":1,"922":1,"923":1,"924":1,"925":1,"926":1,"927":1,"928":1,"929":1,"930":1,"931":1,"932":1,"933":1,"934":1,"935":1,"936":1,"937":1,"938":1,"939":1,"940":1,"941":1,"942":1,"943":1,"944":1,"945":1,"946":1,"947":1,"948":1,"949":1,"950":1,"951":1,"952":1,"953":1,"954":1,"955":1,"956":1,"957":1,"958":1,"959":1,"960":1,"961":1,"962":1,"963":1,"964":1,"965":1,"966":1,"967":1,"968":1,"969":1,"970":1,"971":1,"972":1,"973":1,"974":1,"975":1,"976":1,"977":1,"978":1,"979":1,"980":1,"981":1,"982":1,"983":1,"984":1,"985":1,"986":1,"987":1,"988":1,"989":1,"990":1,"991":1,"992":1,"993":1,"994":1,"995":1,"996":1,"997":1,"998":1,"999":1,"1000":1,"1001":1,"1002":1,"1003":1,"1004":1,"1005":1,"1006":1,"1007":1,"1008":1,"1009":1,"1010":1,"1011":1,"1012":1,"1013":1,"1014":1,"1015":1,"1016":1,"1017":1,"1018":1,"1019":1,"1020":1,"1021":1,"1022":1,"1023":1,"1024":1,"1025":1,"1026":1,"1027":1,"1028":1,"1029":1,"1030":1,"1031":1,"1032":1,"1033":1,"1034":1,"1035":1,"1036":1,"1037":1,"1038":1,"1039":1,"1040":1,"1041":1,"1042":1,"1043":1,"1044":1,"1045":1,"1046":1,"1047":1,"1048":1,"1049":1,"1050":1,"1051":1,"1052":1,"1053":1,"1054":1,"1055":1,"1056":1,"1057":1,"1058":1,"1059":1,"1060":1,"1061":1,"1062":1,"1063":1,"1064":1,"1065":1,"1066":1,"1067":1,"1068":1,"1069":1,"1070":1,"1071":1,"1072":1,"1073":1,"1074":1,"1075":500,"1076":500,"1077":500,"1078":1,"1079":1,"1080":1,"1081":1,"1082":1,"1083":1,"1084":1,"1085":1,"1086":1,"1087":1,"1088":1,"1089":1,"1090":1,"1091":1,"1092":1,"1093":1,"1094":1,"1095":1,"1096":1,"1097":1,"1098":1,"1099":1,"1100":1,"1101":1,"1102":1,"1103":1,"1104":1,"1105":1,"1106":1,"1107":1,"1108":1,"1109":1,"1110":1,"1111":1},"branchMap":{"0":{"type":"branch","line":4,"loc":{"start":{"line":4,"column":0},"end":{"line":38,"column":1}},"locations":[{"start":{"line":4,"column":0},"end":{"line":38,"column":1}}]},"1":{"type":"branch","line":9,"loc":{"start":{"line":9,"column":2},"end":{"line":11,"column":3}},"locations":[{"start":{"line":9,"column":2},"end":{"line":11,"column":3}}]},"2":{"type":"branch","line":13,"loc":{"start":{"line":13,"column":2},"end":{"line":37,"column":3}},"locations":[{"start":{"line":13,"column":2},"end":{"line":37,"column":3}}]},"3":{"type":"branch","line":17,"loc":{"start":{"line":17,"column":35},"end":{"line":27,"column":5}},"locations":[{"start":{"line":17,"column":35},"end":{"line":27,"column":5}}]},"4":{"type":"branch","line":22,"loc":{"start":{"line":22,"column":8},"end":{"line":26,"column":7}},"locations":[{"start":{"line":22,"column":8},"end":{"line":26,"column":7}}]},"5":{"type":"branch","line":34,"loc":{"start":{"line":34,"column":5},"end":{"line":36,"column":5}},"locations":[{"start":{"line":34,"column":5},"end":{"line":36,"column":5}}]},"6":{"type":"branch","line":41,"loc":{"start":{"line":41,"column":2},"end":{"line":41,"column":65}},"locations":[{"start":{"line":41,"column":2},"end":{"line":41,"column":65}}]},"7":{"type":"branch","line":43,"loc":{"start":{"line":43,"column":2},"end":{"line":45,"column":3}},"locations":[{"start":{"line":43,"column":2},"end":{"line":45,"column":3}}]},"8":{"type":"branch","line":49,"loc":{"start":{"line":49,"column":0},"end":{"line":53,"column":1}},"locations":[{"start":{"line":49,"column":0},"end":{"line":53,"column":1}}]},"9":{"type":"branch","line":50,"loc":{"start":{"line":50,"column":18},"end":{"line":52,"column":3}},"locations":[{"start":{"line":50,"column":18},"end":{"line":52,"column":3}}]},"10":{"type":"branch","line":55,"loc":{"start":{"line":55,"column":0},"end":{"line":59,"column":1}},"locations":[{"start":{"line":55,"column":0},"end":{"line":59,"column":1}}]},"11":{"type":"branch","line":56,"loc":{"start":{"line":56,"column":17},"end":{"line":58,"column":3}},"locations":[{"start":{"line":56,"column":17},"end":{"line":58,"column":3}}]},"12":{"type":"branch","line":61,"loc":{"start":{"line":61,"column":0},"end":{"line":65,"column":1}},"locations":[{"start":{"line":61,"column":0},"end":{"line":65,"column":1}}]},"13":{"type":"branch","line":62,"loc":{"start":{"line":62,"column":59},"end":{"line":64,"column":3}},"locations":[{"start":{"line":62,"column":59},"end":{"line":64,"column":3}}]},"14":{"type":"branch","line":73,"loc":{"start":{"line":73,"column":0},"end":{"line":78,"column":1}},"locations":[{"start":{"line":73,"column":0},"end":{"line":78,"column":1}}]},"15":{"type":"branch","line":74,"loc":{"start":{"line":74,"column":92},"end":{"line":74,"column":98}},"locations":[{"start":{"line":74,"column":92},"end":{"line":74,"column":98}}]},"16":{"type":"branch","line":75,"loc":{"start":{"line":75,"column":34},"end":{"line":77,"column":3}},"locations":[{"start":{"line":75,"column":34},"end":{"line":77,"column":3}}]},"17":{"type":"branch","line":80,"loc":{"start":{"line":80,"column":0},"end":{"line":90,"column":1}},"locations":[{"start":{"line":80,"column":0},"end":{"line":90,"column":1}}]},"18":{"type":"branch","line":84,"loc":{"start":{"line":84,"column":22},"end":{"line":89,"column":3}},"locations":[{"start":{"line":84,"column":22},"end":{"line":89,"column":3}}]},"19":{"type":"branch","line":85,"loc":{"start":{"line":85,"column":48},"end":{"line":88,"column":5}},"locations":[{"start":{"line":85,"column":48},"end":{"line":88,"column":5}}]},"20":{"type":"branch","line":86,"loc":{"start":{"line":86,"column":40},"end":{"line":86,"column":78}},"locations":[{"start":{"line":86,"column":40},"end":{"line":86,"column":78}}]},"21":{"type":"branch","line":99,"loc":{"start":{"line":99,"column":51},"end":{"line":106,"column":2}},"locations":[{"start":{"line":99,"column":51},"end":{"line":106,"column":2}}]},"22":{"type":"branch","line":108,"loc":{"start":{"line":108,"column":51},"end":{"line":117,"column":2}},"locations":[{"start":{"line":108,"column":51},"end":{"line":117,"column":2}}]},"23":{"type":"branch","line":119,"loc":{"start":{"line":119,"column":56},"end":{"line":129,"column":2}},"locations":[{"start":{"line":119,"column":56},"end":{"line":129,"column":2}}]},"24":{"type":"branch","line":131,"loc":{"start":{"line":131,"column":56},"end":{"line":147,"column":2}},"locations":[{"start":{"line":131,"column":56},"end":{"line":147,"column":2}}]},"25":{"type":"branch","line":149,"loc":{"start":{"line":149,"column":54},"end":{"line":160,"column":2}},"locations":[{"start":{"line":149,"column":54},"end":{"line":160,"column":2}}]},"26":{"type":"branch","line":162,"loc":{"start":{"line":162,"column":52},"end":{"line":172,"column":2}},"locations":[{"start":{"line":162,"column":52},"end":{"line":172,"column":2}}]},"27":{"type":"branch","line":174,"loc":{"start":{"line":174,"column":53},"end":{"line":182,"column":2}},"locations":[{"start":{"line":174,"column":53},"end":{"line":182,"column":2}}]},"28":{"type":"branch","line":184,"loc":{"start":{"line":184,"column":59},"end":{"line":189,"column":2}},"locations":[{"start":{"line":184,"column":59},"end":{"line":189,"column":2}}]},"29":{"type":"branch","line":195,"loc":{"start":{"line":195,"column":51},"end":{"line":203,"column":2}},"locations":[{"start":{"line":195,"column":51},"end":{"line":203,"column":2}}]},"30":{"type":"branch","line":205,"loc":{"start":{"line":205,"column":51},"end":{"line":215,"column":2}},"locations":[{"start":{"line":205,"column":51},"end":{"line":215,"column":2}}]},"31":{"type":"branch","line":217,"loc":{"start":{"line":217,"column":55},"end":{"line":228,"column":2}},"locations":[{"start":{"line":217,"column":55},"end":{"line":228,"column":2}}]},"32":{"type":"branch","line":230,"loc":{"start":{"line":230,"column":56},"end":{"line":240,"column":2}},"locations":[{"start":{"line":230,"column":56},"end":{"line":240,"column":2}}]},"33":{"type":"branch","line":242,"loc":{"start":{"line":242,"column":57},"end":{"line":252,"column":2}},"locations":[{"start":{"line":242,"column":57},"end":{"line":252,"column":2}}]},"34":{"type":"branch","line":254,"loc":{"start":{"line":254,"column":58},"end":{"line":265,"column":2}},"locations":[{"start":{"line":254,"column":58},"end":{"line":265,"column":2}}]},"35":{"type":"branch","line":271,"loc":{"start":{"line":271,"column":53},"end":{"line":276,"column":2}},"locations":[{"start":{"line":271,"column":53},"end":{"line":276,"column":2}}]},"36":{"type":"branch","line":278,"loc":{"start":{"line":278,"column":52},"end":{"line":289,"column":2}},"locations":[{"start":{"line":278,"column":52},"end":{"line":289,"column":2}}]},"37":{"type":"branch","line":291,"loc":{"start":{"line":291,"column":47},"end":{"line":300,"column":2}},"locations":[{"start":{"line":291,"column":47},"end":{"line":300,"column":2}}]},"38":{"type":"branch","line":306,"loc":{"start":{"line":306,"column":47},"end":{"line":314,"column":2}},"locations":[{"start":{"line":306,"column":47},"end":{"line":314,"column":2}}]},"39":{"type":"branch","line":316,"loc":{"start":{"line":316,"column":49},"end":{"line":327,"column":2}},"locations":[{"start":{"line":316,"column":49},"end":{"line":327,"column":2}}]},"40":{"type":"branch","line":329,"loc":{"start":{"line":329,"column":53},"end":{"line":340,"column":2}},"locations":[{"start":{"line":329,"column":53},"end":{"line":340,"column":2}}]},"41":{"type":"branch","line":342,"loc":{"start":{"line":342,"column":53},"end":{"line":349,"column":2}},"locations":[{"start":{"line":342,"column":53},"end":{"line":349,"column":2}}]},"42":{"type":"branch","line":351,"loc":{"start":{"line":351,"column":51},"end":{"line":358,"column":2}},"locations":[{"start":{"line":351,"column":51},"end":{"line":358,"column":2}}]},"43":{"type":"branch","line":364,"loc":{"start":{"line":364,"column":49},"end":{"line":370,"column":2}},"locations":[{"start":{"line":364,"column":49},"end":{"line":370,"column":2}}]},"44":{"type":"branch","line":372,"loc":{"start":{"line":372,"column":50},"end":{"line":381,"column":2}},"locations":[{"start":{"line":372,"column":50},"end":{"line":381,"column":2}}]},"45":{"type":"branch","line":383,"loc":{"start":{"line":383,"column":52},"end":{"line":391,"column":2}},"locations":[{"start":{"line":383,"column":52},"end":{"line":391,"column":2}}]},"46":{"type":"branch","line":393,"loc":{"start":{"line":393,"column":55},"end":{"line":403,"column":2}},"locations":[{"start":{"line":393,"column":55},"end":{"line":403,"column":2}}]},"47":{"type":"branch","line":405,"loc":{"start":{"line":405,"column":56},"end":{"line":412,"column":2}},"locations":[{"start":{"line":405,"column":56},"end":{"line":412,"column":2}}]},"48":{"type":"branch","line":414,"loc":{"start":{"line":414,"column":60},"end":{"line":421,"column":2}},"locations":[{"start":{"line":414,"column":60},"end":{"line":421,"column":2}}]},"49":{"type":"branch","line":427,"loc":{"start":{"line":427,"column":51},"end":{"line":435,"column":2}},"locations":[{"start":{"line":427,"column":51},"end":{"line":435,"column":2}}]},"50":{"type":"branch","line":437,"loc":{"start":{"line":437,"column":51},"end":{"line":448,"column":2}},"locations":[{"start":{"line":437,"column":51},"end":{"line":448,"column":2}}]},"51":{"type":"branch","line":450,"loc":{"start":{"line":450,"column":61},"end":{"line":468,"column":2}},"locations":[{"start":{"line":450,"column":61},"end":{"line":468,"column":2}}]},"52":{"type":"branch","line":465,"loc":{"start":{"line":465,"column":33},"end":{"line":465,"column":64}},"locations":[{"start":{"line":465,"column":33},"end":{"line":465,"column":64}}]},"53":{"type":"branch","line":466,"loc":{"start":{"line":466,"column":33},"end":{"line":466,"column":63}},"locations":[{"start":{"line":466,"column":33},"end":{"line":466,"column":63}}]},"54":{"type":"branch","line":467,"loc":{"start":{"line":467,"column":33},"end":{"line":467,"column":65}},"locations":[{"start":{"line":467,"column":33},"end":{"line":467,"column":65}}]},"55":{"type":"branch","line":470,"loc":{"start":{"line":470,"column":53},"end":{"line":481,"column":2}},"locations":[{"start":{"line":470,"column":53},"end":{"line":481,"column":2}}]},"56":{"type":"branch","line":483,"loc":{"start":{"line":483,"column":52},"end":{"line":516,"column":2}},"locations":[{"start":{"line":483,"column":52},"end":{"line":516,"column":2}}]},"57":{"type":"branch","line":522,"loc":{"start":{"line":522,"column":54},"end":{"line":533,"column":2}},"locations":[{"start":{"line":522,"column":54},"end":{"line":533,"column":2}}]},"58":{"type":"branch","line":535,"loc":{"start":{"line":535,"column":56},"end":{"line":546,"column":2}},"locations":[{"start":{"line":535,"column":56},"end":{"line":546,"column":2}}]},"59":{"type":"branch","line":548,"loc":{"start":{"line":548,"column":67},"end":{"line":559,"column":2}},"locations":[{"start":{"line":548,"column":67},"end":{"line":559,"column":2}}]},"60":{"type":"branch","line":565,"loc":{"start":{"line":565,"column":54},"end":{"line":573,"column":2}},"locations":[{"start":{"line":565,"column":54},"end":{"line":573,"column":2}}]},"61":{"type":"branch","line":575,"loc":{"start":{"line":575,"column":54},"end":{"line":583,"column":2}},"locations":[{"start":{"line":575,"column":54},"end":{"line":583,"column":2}}]},"62":{"type":"branch","line":585,"loc":{"start":{"line":585,"column":55},"end":{"line":593,"column":2}},"locations":[{"start":{"line":585,"column":55},"end":{"line":593,"column":2}}]},"63":{"type":"branch","line":595,"loc":{"start":{"line":595,"column":56},"end":{"line":608,"column":2}},"locations":[{"start":{"line":595,"column":56},"end":{"line":608,"column":2}}]},"64":{"type":"branch","line":614,"loc":{"start":{"line":614,"column":48},"end":{"line":681,"column":2}},"locations":[{"start":{"line":614,"column":48},"end":{"line":681,"column":2}}]},"65":{"type":"branch","line":683,"loc":{"start":{"line":683,"column":52},"end":{"line":781,"column":2}},"locations":[{"start":{"line":683,"column":52},"end":{"line":781,"column":2}}]},"66":{"type":"branch","line":787,"loc":{"start":{"line":787,"column":54},"end":{"line":800,"column":2}},"locations":[{"start":{"line":787,"column":54},"end":{"line":800,"column":2}}]},"67":{"type":"branch","line":802,"loc":{"start":{"line":802,"column":54},"end":{"line":819,"column":2}},"locations":[{"start":{"line":802,"column":54},"end":{"line":819,"column":2}}]},"68":{"type":"branch","line":821,"loc":{"start":{"line":821,"column":51},"end":{"line":853,"column":2}},"locations":[{"start":{"line":821,"column":51},"end":{"line":853,"column":2}}]},"69":{"type":"branch","line":855,"loc":{"start":{"line":855,"column":50},"end":{"line":870,"column":2}},"locations":[{"start":{"line":855,"column":50},"end":{"line":870,"column":2}}]},"70":{"type":"branch","line":872,"loc":{"start":{"line":872,"column":57},"end":{"line":916,"column":2}},"locations":[{"start":{"line":872,"column":57},"end":{"line":916,"column":2}}]},"71":{"type":"branch","line":918,"loc":{"start":{"line":918,"column":55},"end":{"line":935,"column":2}},"locations":[{"start":{"line":918,"column":55},"end":{"line":935,"column":2}}]},"72":{"type":"branch","line":937,"loc":{"start":{"line":937,"column":49},"end":{"line":955,"column":2}},"locations":[{"start":{"line":937,"column":49},"end":{"line":955,"column":2}}]},"73":{"type":"branch","line":957,"loc":{"start":{"line":957,"column":65},"end":{"line":982,"column":2}},"locations":[{"start":{"line":957,"column":65},"end":{"line":982,"column":2}}]},"74":{"type":"branch","line":984,"loc":{"start":{"line":984,"column":56},"end":{"line":1011,"column":2}},"locations":[{"start":{"line":984,"column":56},"end":{"line":1011,"column":2}}]},"75":{"type":"branch","line":1017,"loc":{"start":{"line":1017,"column":44},"end":{"line":1031,"column":2}},"locations":[{"start":{"line":1017,"column":44},"end":{"line":1031,"column":2}}]},"76":{"type":"branch","line":1033,"loc":{"start":{"line":1033,"column":45},"end":{"line":1040,"column":2}},"locations":[{"start":{"line":1033,"column":45},"end":{"line":1040,"column":2}}]},"77":{"type":"branch","line":1042,"loc":{"start":{"line":1042,"column":61},"end":{"line":1050,"column":2}},"locations":[{"start":{"line":1042,"column":61},"end":{"line":1050,"column":2}}]},"78":{"type":"branch","line":1052,"loc":{"start":{"line":1052,"column":43},"end":{"line":1061,"column":2}},"locations":[{"start":{"line":1052,"column":43},"end":{"line":1061,"column":2}}]},"79":{"type":"branch","line":1063,"loc":{"start":{"line":1063,"column":52},"end":{"line":1088,"column":2}},"locations":[{"start":{"line":1063,"column":52},"end":{"line":1088,"column":2}}]},"80":{"type":"branch","line":1075,"loc":{"start":{"line":1075,"column":39},"end":{"line":1079,"column":6}},"locations":[{"start":{"line":1075,"column":39},"end":{"line":1079,"column":6}}]},"81":{"type":"branch","line":1090,"loc":{"start":{"line":1090,"column":59},"end":{"line":1100,"column":2}},"locations":[{"start":{"line":1090,"column":59},"end":{"line":1100,"column":2}}]},"82":{"type":"branch","line":1107,"loc":{"start":{"line":1107,"column":0},"end":{"line":1109,"column":1}},"locations":[{"start":{"line":1107,"column":0},"end":{"line":1109,"column":1}}]}},"b":{"0":[1],"1":[57],"2":[1],"3":[57],"4":[0],"5":[0],"6":[57],"7":[57],"8":[410],"9":[0],"10":[155],"11":[0],"12":[81],"13":[0],"14":[101],"15":[0],"16":[81],"17":[155],"18":[148],"19":[149],"20":[150],"21":[1],"22":[1],"23":[1],"24":[1],"25":[1],"26":[1],"27":[1],"28":[1],"29":[1],"30":[1],"31":[1],"32":[1],"33":[1],"34":[1],"35":[1],"36":[1],"37":[1],"38":[1],"39":[1],"40":[1],"41":[1],"42":[1],"43":[1],"44":[1],"45":[1],"46":[1],"47":[1],"48":[1],"49":[1],"50":[1],"51":[1],"52":[1],"53":[2],"54":[3],"55":[1],"56":[1],"57":[1],"58":[1],"59":[1],"60":[1],"61":[1],"62":[1],"63":[1],"64":[1],"65":[1],"66":[1],"67":[1],"68":[1],"69":[1],"70":[1],"71":[1],"72":[1],"73":[1],"74":[1],"75":[1],"76":[1],"77":[1],"78":[1],"79":[1],"80":[500],"81":[1],"82":[1]},"fnMap":{"0":{"name":"TestSuite","decl":{"start":{"line":4,"column":0},"end":{"line":38,"column":1}},"loc":{"start":{"line":4,"column":0},"end":{"line":38,"column":1}},"line":4},"1":{"name":"test","decl":{"start":{"line":9,"column":2},"end":{"line":11,"column":3}},"loc":{"start":{"line":9,"column":2},"end":{"line":11,"column":3}},"line":9},"2":{"name":"run","decl":{"start":{"line":13,"column":2},"end":{"line":37,"column":3}},"loc":{"start":{"line":13,"column":2},"end":{"line":37,"column":3}},"line":13},"3":{"name":"Test","decl":{"start":{"line":41,"column":2},"end":{"line":41,"column":65}},"loc":{"start":{"line":41,"column":2},"end":{"line":41,"column":65}},"line":41},"4":{"name":"run","decl":{"start":{"line":43,"column":2},"end":{"line":45,"column":3}},"loc":{"start":{"line":43,"column":2},"end":{"line":45,"column":3}},"line":43},"5":{"name":"assertTrue","decl":{"start":{"line":49,"column":0},"end":{"line":53,"column":1}},"loc":{"start":{"line":49,"column":0},"end":{"line":53,"column":1}},"line":49},"6":{"name":"assertFalse","decl":{"start":{"line":55,"column":0},"end":{"line":59,"column":1}},"loc":{"start":{"line":55,"column":0},"end":{"line":59,"column":1}},"line":55},"7":{"name":"assertEquals","decl":{"start":{"line":61,"column":0},"end":{"line":65,"column":1}},"loc":{"start":{"line":61,"column":0},"end":{"line":65,"column":1}},"line":61},"8":{"name":"assertContains","decl":{"start":{"line":67,"column":0},"end":{"line":71,"column":1}},"loc":{"start":{"line":67,"column":0},"end":{"line":71,"column":1}},"line":67},"9":{"name":"assertValidationSuccess","decl":{"start":{"line":73,"column":0},"end":{"line":78,"column":1}},"loc":{"start":{"line":73,"column":0},"end":{"line":78,"column":1}},"line":73},"10":{"name":"assertValidationError","decl":{"start":{"line":80,"column":0},"end":{"line":90,"column":1}},"loc":{"start":{"line":80,"column":0},"end":{"line":90,"column":1}},"line":80},"11":{"name":"valueOf","decl":{"start":{"line":818,"column":54},"end":{"line":818,"column":62}},"loc":{"start":{"line":818,"column":54},"end":{"line":818,"column":62}},"line":818},"12":{"name":"runTests","decl":{"start":{"line":1107,"column":0},"end":{"line":1109,"column":1}},"loc":{"start":{"line":1107,"column":0},"end":{"line":1109,"column":1}},"line":1107}},"f":{"0":1,"1":57,"2":1,"3":57,"4":57,"5":410,"6":155,"7":81,"8":0,"9":101,"10":155,"11":0,"12":1}}
}
